2007-03-21 20:31:07,320 - ResourceManager : found om/java/allcommon/dbmeta/DBMeta.vm with loader org.apache.velocity.runtime.resource.loader.FileResourceLoader
2007-03-21 20:31:07,523 - ResourceManager : found om/java/allcommon/dbmeta/AbstractDBMeta.vm with loader org.apache.velocity.runtime.resource.loader.FileResourceLoader
2007-03-21 20:31:07,555 - ResourceManager : found om/java/allcommon/dbmeta/DBMetaInstanceHandler.vm with loader org.apache.velocity.runtime.resource.loader.FileResourceLoader
2007-03-21 20:31:07,602 - ResourceManager : found om/java/allcommon/exception/RecordHasAlreadyBeenDeletedException.vm with loader org.apache.velocity.runtime.resource.loader.FileResourceLoader
2007-03-21 20:31:07,602 - ResourceManager : found om/java/allcommon/exception/RecordHasOverlappedException.vm with loader org.apache.velocity.runtime.resource.loader.FileResourceLoader
2007-03-21 20:31:07,617 - ResourceManager : found om/java/allcommon/exception/SelectedCountExceedMaxCountException.vm with loader org.apache.velocity.runtime.resource.loader.FileResourceLoader
2007-03-21 20:31:07,648 - ResourceManager : found om/java/allcommon/helper/MapListString.vm with loader org.apache.velocity.runtime.resource.loader.FileResourceLoader
2007-03-21 20:31:07,680 - ResourceManager : found om/java/allcommon/helper/MapListStringImpl.vm with loader org.apache.velocity.runtime.resource.loader.FileResourceLoader
2007-03-21 20:31:07,711 - ResourceManager : found om/java/allcommon/helper/MapStringBuilder.vm with loader org.apache.velocity.runtime.resource.loader.FileResourceLoader
2007-03-21 20:31:07,727 - ResourceManager : found om/java/allcommon/helper/MapStringBuilderImpl.vm with loader org.apache.velocity.runtime.resource.loader.FileResourceLoader
2007-03-21 20:31:07,758 - ResourceManager : found om/java/allcommon/DaoDicon.vm with loader org.apache.velocity.runtime.resource.loader.FileResourceLoader
2007-03-21 20:31:07,789 - ResourceManager : found om/java/allcommon/DaoSelector.vm with loader org.apache.velocity.runtime.resource.loader.FileResourceLoader
2007-03-21 20:31:07,820 - ResourceManager : found om/java/allcommon/CacheDaoSelector.vm with loader org.apache.velocity.runtime.resource.loader.FileResourceLoader
2007-03-21 20:31:07,852 - ResourceManager : found om/java/allcommon/GenMetaData.vm with loader org.apache.velocity.runtime.resource.loader.FileResourceLoader
2007-03-21 20:31:07,883 - ResourceManager : found om/java/allcommon/interceptor/CommonColumnSetupAbstractInterceptor.vm with loader org.apache.velocity.runtime.resource.loader.FileResourceLoader
2007-03-21 20:31:07,898 - ResourceManager : found om/java/allcommon/interceptor/CommonColumnSetupBeforeInsertInterceptor.vm with loader org.apache.velocity.runtime.resource.loader.FileResourceLoader
2007-03-21 20:31:07,914 - ResourceManager : found om/java/allcommon/interceptor/CommonColumnSetupBeforeUpdateInterceptor.vm with loader org.apache.velocity.runtime.resource.loader.FileResourceLoader
2007-03-21 20:31:07,930 - ResourceManager : found om/java/allcommon/interceptor/CommonColumnSetupBeforeDeleteInterceptor.vm with loader org.apache.velocity.runtime.resource.loader.FileResourceLoader
2007-03-21 20:31:07,961 - ResourceManager : found om/java/allcommon/s2dao/S2DaoInterceptor.vm with loader org.apache.velocity.runtime.resource.loader.FileResourceLoader
2007-03-21 20:31:08,008 - ResourceManager : found om/java/allcommon/s2dao/S2DaoMetaDataExtension.vm with loader org.apache.velocity.runtime.resource.loader.FileResourceLoader
2007-03-21 20:31:08,008 - org.apache.velocity.runtime.exception.ReferenceException: reference : template = om/java/allcommon/s2dao/S2DaoMetaDataExtension.vm [line 110,column 28] : $dto.selectHint is not a valid reference.
2007-03-21 20:31:08,008 - org.apache.velocity.runtime.exception.ReferenceException: reference : template = om/java/allcommon/s2dao/S2DaoMetaDataExtension.vm [line 174,column 28] : $dto.selectHint is not a valid reference.
2007-03-21 20:31:08,023 - ResourceManager : found om/java/allcommon/s2dao/S2DaoMetaDataFactoryImpl.vm with loader org.apache.velocity.runtime.resource.loader.FileResourceLoader
2007-03-21 20:31:08,039 - ResourceManager : found om/java/allcommon/s2dao/S2BeanMetaDataFactoryImpl.vm with loader org.apache.velocity.runtime.resource.loader.FileResourceLoader
2007-03-21 20:31:08,055 - ResourceManager : found om/java/allcommon/s2dao/S2DaoSelectDynamicCommand.vm with loader org.apache.velocity.runtime.resource.loader.FileResourceLoader
2007-03-21 20:31:08,070 - ResourceManager : found om/java/allcommon/s2dao/S2DaoStatementFactory.vm with loader org.apache.velocity.runtime.resource.loader.FileResourceLoader
2007-03-21 20:31:08,086 - ResourceManager : found om/java/allcommon/s2dao/FetchNarrowingResultSetFactory.vm with loader org.apache.velocity.runtime.resource.loader.FileResourceLoader
2007-03-21 20:31:08,102 - ResourceManager : found om/java/allcommon/s2dao/FetchNarrowingResultSetWrapper.vm with loader org.apache.velocity.runtime.resource.loader.FileResourceLoader
2007-03-21 20:31:08,180 - ResourceManager : found om/java/bsbhv/BaseBhv.vm with loader org.apache.velocity.runtime.resource.loader.FileResourceLoader
2007-03-21 20:31:08,242 - Method isUseSequence threw exception for reference $table in template om/java/bsbhv/BaseBhv.vm at  [247,6]
2007-03-21 20:31:08,242 - Method parse threw exception for reference $generator in template om/Control.vm at  [909,13]
2007-03-21 20:35:10,773 - SimpleLog4JLogSystem initialized using logfile 'velocity.log'
2007-03-21 20:35:10,773 - ************************************************************** 
2007-03-21 20:35:10,773 - Starting Jakarta Velocity v1.3.1
2007-03-21 20:35:10,773 - RuntimeInstance initializing.
2007-03-21 20:35:10,773 - Default Properties File: org\apache\velocity\runtime\defaults\velocity.properties
2007-03-21 20:35:10,773 - Trying to use logger class org.apache.velocity.runtime.log.AvalonLogSystem
2007-03-21 20:35:10,773 - Couldn't find class org.apache.velocity.runtime.log.AvalonLogSystem or necessary supporting classes in classpath. Exception : java.lang.NoClassDefFoundError: org/apache/log/format/Formatter
2007-03-21 20:35:10,773 - Trying to use logger class org.apache.velocity.runtime.log.SimpleLog4JLogSystem
2007-03-21 20:35:10,773 - Using logger class org.apache.velocity.runtime.log.SimpleLog4JLogSystem
2007-03-21 20:35:10,789 - Default ResourceManager initializing. (class org.apache.velocity.runtime.resource.ResourceManagerImpl)
2007-03-21 20:35:10,805 - Resource Loader Instantiated: org.apache.velocity.runtime.resource.loader.FileResourceLoader
2007-03-21 20:35:10,805 - FileResourceLoader : initialization starting.
2007-03-21 20:35:10,805 - FileResourceLoader : adding path 'J:\wk\dbflute\dbflute-0.4\templates'
2007-03-21 20:35:10,805 - FileResourceLoader : initialization complete.
2007-03-21 20:35:10,805 - ResourceCache : initialized. (class org.apache.velocity.runtime.resource.ResourceCacheImpl)
2007-03-21 20:35:10,805 - Default ResourceManager initialization complete.
2007-03-21 20:35:10,805 - Loaded System Directive: org.apache.velocity.runtime.directive.Literal
2007-03-21 20:35:10,820 - Loaded System Directive: org.apache.velocity.runtime.directive.Macro
2007-03-21 20:35:10,820 - Loaded System Directive: org.apache.velocity.runtime.directive.Parse
2007-03-21 20:35:10,820 - Loaded System Directive: org.apache.velocity.runtime.directive.Include
2007-03-21 20:35:10,820 - Loaded System Directive: org.apache.velocity.runtime.directive.Foreach
2007-03-21 20:35:11,102 - Created: 20 parsers.
2007-03-21 20:35:11,102 - Velocimacro : initialization starting.
2007-03-21 20:35:11,102 - Velocimacro : adding VMs from VM library template : VM_global_library.vm
2007-03-21 20:35:11,102 - ResourceManager : unable to find resource 'VM_global_library.vm' in any resource loader.
2007-03-21 20:35:11,102 - Velocimacro : error using  VM library template VM_global_library.vm : org.apache.velocity.exception.ResourceNotFoundException: Unable to find resource 'VM_global_library.vm'
2007-03-21 20:35:11,102 - Velocimacro :  VM library template macro registration complete.
2007-03-21 20:35:11,102 - Velocimacro : allowInline = true : VMs can be defined inline in templates
2007-03-21 20:35:11,102 - Velocimacro : allowInlineToOverride = false : VMs defined inline may NOT replace previous VM definitions
2007-03-21 20:35:11,102 - Velocimacro : allowInlineLocal = false : VMs defined inline will be  global in scope if allowed.
2007-03-21 20:35:11,102 - Velocimacro : messages on  : VM system will output logging messages
2007-03-21 20:35:11,102 - Velocimacro : autoload off  : VM system will not automatically reload global library macros
2007-03-21 20:35:11,102 - Velocimacro : initialization complete.
2007-03-21 20:35:11,102 - Velocity successfully started.
2007-03-21 20:35:11,898 - ResourceManager : found om/Control.vm with loader org.apache.velocity.runtime.resource.loader.FileResourceLoader
2007-03-21 20:35:11,930 - ResourceManager : found sql/base/postgresql/db.props with loader org.apache.velocity.runtime.resource.loader.FileResourceLoader
2007-03-21 20:35:12,367 - ResourceManager : found om/java/allcommon/bhv/BehaviorReadable.vm with loader org.apache.velocity.runtime.resource.loader.FileResourceLoader
2007-03-21 20:35:12,398 - ResourceManager : found om/java/allcommon/bhv/BehaviorWritable.vm with loader org.apache.velocity.runtime.resource.loader.FileResourceLoader
2007-03-21 20:35:12,430 - ResourceManager : found om/java/allcommon/bhv/AbstractBehaviorReadable.vm with loader org.apache.velocity.runtime.resource.loader.FileResourceLoader
2007-03-21 20:35:12,445 - ResourceManager : found om/java/allcommon/bhv/AbstractBehaviorWritable.vm with loader org.apache.velocity.runtime.resource.loader.FileResourceLoader
2007-03-21 20:35:12,461 - ResourceManager : found om/java/allcommon/DaoReadable.vm with loader org.apache.velocity.runtime.resource.loader.FileResourceLoader
2007-03-21 20:35:12,461 - ResourceManager : found om/java/allcommon/DaoWritable.vm with loader org.apache.velocity.runtime.resource.loader.FileResourceLoader
2007-03-21 20:35:12,477 - ResourceManager : found om/java/allcommon/Entity.vm with loader org.apache.velocity.runtime.resource.loader.FileResourceLoader
2007-03-21 20:35:12,492 - ResourceManager : found om/java/allcommon/EntityDefinedCommonColumn.vm with loader org.apache.velocity.runtime.resource.loader.FileResourceLoader
2007-03-21 20:35:12,508 - ResourceManager : found om/java/allcommon/cbean/FetchNarrowingBeanContext.vm with loader org.apache.velocity.runtime.resource.loader.FileResourceLoader
2007-03-21 20:35:12,523 - ResourceManager : found om/java/allcommon/cbean/FetchNarrowingBean.vm with loader org.apache.velocity.runtime.resource.loader.FileResourceLoader
2007-03-21 20:35:12,523 - ResourceManager : found om/java/allcommon/cbean/SimpleOrderByBean.vm with loader org.apache.velocity.runtime.resource.loader.FileResourceLoader
2007-03-21 20:35:13,086 - ResourceManager : found om/java/allcommon/cbean/SimplePagingBean.vm with loader org.apache.velocity.runtime.resource.loader.FileResourceLoader
2007-03-21 20:35:13,102 - ResourceManager : found om/java/allcommon/cbean/PagingResultBean.vm with loader org.apache.velocity.runtime.resource.loader.FileResourceLoader
2007-03-21 20:35:13,133 - ResourceManager : found om/java/allcommon/cbean/ListResultBean.vm with loader org.apache.velocity.runtime.resource.loader.FileResourceLoader
2007-03-21 20:35:13,148 - ResourceManager : found om/java/allcommon/cbean/ConditionBeanContext.vm with loader org.apache.velocity.runtime.resource.loader.FileResourceLoader
2007-03-21 20:35:13,164 - ResourceManager : found om/java/allcommon/cbean/ConditionBean.vm with loader org.apache.velocity.runtime.resource.loader.FileResourceLoader
2007-03-21 20:35:13,164 - ResourceManager : found om/java/allcommon/cbean/ConditionQuery.vm with loader org.apache.velocity.runtime.resource.loader.FileResourceLoader
2007-03-21 20:35:13,164 - ResourceManager : found om/java/allcommon/cbean/PagingBean.vm with loader org.apache.velocity.runtime.resource.loader.FileResourceLoader
2007-03-21 20:35:13,180 - ResourceManager : found om/java/allcommon/cbean/OrderByBean.vm with loader org.apache.velocity.runtime.resource.loader.FileResourceLoader
2007-03-21 20:35:13,180 - ResourceManager : found om/java/allcommon/cbean/SelectResource.vm with loader org.apache.velocity.runtime.resource.loader.FileResourceLoader
2007-03-21 20:35:13,211 - ResourceManager : found om/java/allcommon/cbean/AbstractConditionBean.vm with loader org.apache.velocity.runtime.resource.loader.FileResourceLoader
2007-03-21 20:35:13,227 - ResourceManager : found om/java/allcommon/cbean/AbstractConditionQuery.vm with loader org.apache.velocity.runtime.resource.loader.FileResourceLoader
2007-03-21 20:35:13,227 - ResourceManager : found om/java/allcommon/cbean/ckey/ConditionKey.vm with loader org.apache.velocity.runtime.resource.loader.FileResourceLoader
2007-03-21 20:35:13,242 - ResourceManager : found om/java/allcommon/cbean/ckey/ConditionKey_equal.vm with loader org.apache.velocity.runtime.resource.loader.FileResourceLoader
2007-03-21 20:35:13,258 - ResourceManager : found om/java/allcommon/cbean/ckey/ConditionKey_notEqual.vm with loader org.apache.velocity.runtime.resource.loader.FileResourceLoader
2007-03-21 20:35:13,258 - ResourceManager : found om/java/allcommon/cbean/ckey/ConditionKey_greaterThan.vm with loader org.apache.velocity.runtime.resource.loader.FileResourceLoader
2007-03-21 20:35:13,273 - ResourceManager : found om/java/allcommon/cbean/ckey/ConditionKey_lessThan.vm with loader org.apache.velocity.runtime.resource.loader.FileResourceLoader
2007-03-21 20:35:13,273 - ResourceManager : found om/java/allcommon/cbean/ckey/ConditionKey_greaterEqual.vm with loader org.apache.velocity.runtime.resource.loader.FileResourceLoader
2007-03-21 20:35:13,289 - ResourceManager : found om/java/allcommon/cbean/ckey/ConditionKey_lessEqual.vm with loader org.apache.velocity.runtime.resource.loader.FileResourceLoader
2007-03-21 20:35:13,289 - ResourceManager : found om/java/allcommon/cbean/ckey/ConditionKey_prefixSearch.vm with loader org.apache.velocity.runtime.resource.loader.FileResourceLoader
2007-03-21 20:35:13,305 - ResourceManager : found om/java/allcommon/cbean/ckey/ConditionKey_inScope.vm with loader org.apache.velocity.runtime.resource.loader.FileResourceLoader
2007-03-21 20:35:13,305 - ResourceManager : found om/java/allcommon/cbean/ckey/ConditionKey_notInScope.vm with loader org.apache.velocity.runtime.resource.loader.FileResourceLoader
2007-03-21 20:35:13,320 - ResourceManager : found om/java/allcommon/cbean/ckey/ConditionKey_isNull.vm with loader org.apache.velocity.runtime.resource.loader.FileResourceLoader
2007-03-21 20:35:13,320 - ResourceManager : found om/java/allcommon/cbean/ckey/ConditionKey_isNotNull.vm with loader org.apache.velocity.runtime.resource.loader.FileResourceLoader
2007-03-21 20:35:13,336 - ResourceManager : found om/java/allcommon/cbean/cvalue/ConditionValue.vm with loader org.apache.velocity.runtime.resource.loader.FileResourceLoader
2007-03-21 20:35:13,352 - ResourceManager : found om/java/allcommon/cbean/sqlclause/SqlClause.vm with loader org.apache.velocity.runtime.resource.loader.FileResourceLoader
2007-03-21 20:35:13,367 - ResourceManager : found om/java/allcommon/cbean/sqlclause/AbstractSqlClause.vm with loader org.apache.velocity.runtime.resource.loader.FileResourceLoader
2007-03-21 20:35:13,383 - ResourceManager : found om/java/allcommon/cbean/sqlclause/SqlClause_postgresql.vm with loader org.apache.velocity.runtime.resource.loader.FileResourceLoader
2007-03-21 20:35:13,383 - ResourceManager : found om/java/allcommon/cbean/sqlclause/OrderByClause.vm with loader org.apache.velocity.runtime.resource.loader.FileResourceLoader
2007-03-21 20:35:13,398 - ResourceManager : found om/java/allcommon/cbean/sqlclause/OrderByElement.vm with loader org.apache.velocity.runtime.resource.loader.FileResourceLoader
2007-03-21 20:35:13,414 - ResourceManager : found om/java/allcommon/dbmeta/DBMeta.vm with loader org.apache.velocity.runtime.resource.loader.FileResourceLoader
2007-03-21 20:35:13,414 - ResourceManager : found om/java/allcommon/dbmeta/AbstractDBMeta.vm with loader org.apache.velocity.runtime.resource.loader.FileResourceLoader
2007-03-21 20:35:13,430 - ResourceManager : found om/java/allcommon/dbmeta/DBMetaInstanceHandler.vm with loader org.apache.velocity.runtime.resource.loader.FileResourceLoader
2007-03-21 20:35:13,602 - ResourceManager : found om/java/allcommon/exception/RecordHasAlreadyBeenDeletedException.vm with loader org.apache.velocity.runtime.resource.loader.FileResourceLoader
2007-03-21 20:35:13,617 - ResourceManager : found om/java/allcommon/exception/RecordHasOverlappedException.vm with loader org.apache.velocity.runtime.resource.loader.FileResourceLoader
2007-03-21 20:35:13,617 - ResourceManager : found om/java/allcommon/exception/SelectedCountExceedMaxCountException.vm with loader org.apache.velocity.runtime.resource.loader.FileResourceLoader
2007-03-21 20:35:13,633 - ResourceManager : found om/java/allcommon/helper/MapListString.vm with loader org.apache.velocity.runtime.resource.loader.FileResourceLoader
2007-03-21 20:35:13,648 - ResourceManager : found om/java/allcommon/helper/MapListStringImpl.vm with loader org.apache.velocity.runtime.resource.loader.FileResourceLoader
2007-03-21 20:35:13,664 - ResourceManager : found om/java/allcommon/helper/MapStringBuilder.vm with loader org.apache.velocity.runtime.resource.loader.FileResourceLoader
2007-03-21 20:35:13,664 - ResourceManager : found om/java/allcommon/helper/MapStringBuilderImpl.vm with loader org.apache.velocity.runtime.resource.loader.FileResourceLoader
2007-03-21 20:35:13,695 - ResourceManager : found om/java/allcommon/DaoDicon.vm with loader org.apache.velocity.runtime.resource.loader.FileResourceLoader
2007-03-21 20:35:13,711 - ResourceManager : found om/java/allcommon/DaoSelector.vm with loader org.apache.velocity.runtime.resource.loader.FileResourceLoader
2007-03-21 20:35:13,711 - ResourceManager : found om/java/allcommon/CacheDaoSelector.vm with loader org.apache.velocity.runtime.resource.loader.FileResourceLoader
2007-03-21 20:35:13,727 - ResourceManager : found om/java/allcommon/GenMetaData.vm with loader org.apache.velocity.runtime.resource.loader.FileResourceLoader
2007-03-21 20:35:13,742 - ResourceManager : found om/java/allcommon/interceptor/CommonColumnSetupAbstractInterceptor.vm with loader org.apache.velocity.runtime.resource.loader.FileResourceLoader
2007-03-21 20:35:13,758 - ResourceManager : found om/java/allcommon/interceptor/CommonColumnSetupBeforeInsertInterceptor.vm with loader org.apache.velocity.runtime.resource.loader.FileResourceLoader
2007-03-21 20:35:13,758 - ResourceManager : found om/java/allcommon/interceptor/CommonColumnSetupBeforeUpdateInterceptor.vm with loader org.apache.velocity.runtime.resource.loader.FileResourceLoader
2007-03-21 20:35:13,773 - ResourceManager : found om/java/allcommon/interceptor/CommonColumnSetupBeforeDeleteInterceptor.vm with loader org.apache.velocity.runtime.resource.loader.FileResourceLoader
2007-03-21 20:35:13,773 - ResourceManager : found om/java/allcommon/s2dao/S2DaoInterceptor.vm with loader org.apache.velocity.runtime.resource.loader.FileResourceLoader
2007-03-21 20:35:13,789 - ResourceManager : found om/java/allcommon/s2dao/S2DaoMetaDataExtension.vm with loader org.apache.velocity.runtime.resource.loader.FileResourceLoader
2007-03-21 20:35:13,805 - org.apache.velocity.runtime.exception.ReferenceException: reference : template = om/java/allcommon/s2dao/S2DaoMetaDataExtension.vm [line 110,column 28] : $dto.selectHint is not a valid reference.
2007-03-21 20:35:13,805 - org.apache.velocity.runtime.exception.ReferenceException: reference : template = om/java/allcommon/s2dao/S2DaoMetaDataExtension.vm [line 174,column 28] : $dto.selectHint is not a valid reference.
2007-03-21 20:35:13,805 - ResourceManager : found om/java/allcommon/s2dao/S2DaoMetaDataFactoryImpl.vm with loader org.apache.velocity.runtime.resource.loader.FileResourceLoader
2007-03-21 20:35:13,805 - ResourceManager : found om/java/allcommon/s2dao/S2BeanMetaDataFactoryImpl.vm with loader org.apache.velocity.runtime.resource.loader.FileResourceLoader
2007-03-21 20:35:13,820 - ResourceManager : found om/java/allcommon/s2dao/S2DaoSelectDynamicCommand.vm with loader org.apache.velocity.runtime.resource.loader.FileResourceLoader
2007-03-21 20:35:13,836 - ResourceManager : found om/java/allcommon/s2dao/S2DaoStatementFactory.vm with loader org.apache.velocity.runtime.resource.loader.FileResourceLoader
2007-03-21 20:35:13,836 - ResourceManager : found om/java/allcommon/s2dao/FetchNarrowingResultSetFactory.vm with loader org.apache.velocity.runtime.resource.loader.FileResourceLoader
2007-03-21 20:35:13,836 - ResourceManager : found om/java/allcommon/s2dao/FetchNarrowingResultSetWrapper.vm with loader org.apache.velocity.runtime.resource.loader.FileResourceLoader
2007-03-21 20:35:13,883 - ResourceManager : found om/java/bsbhv/BaseBhv.vm with loader org.apache.velocity.runtime.resource.loader.FileResourceLoader
2007-03-21 20:35:13,945 - Method isUseSequence threw exception for reference $table in template om/java/bsbhv/BaseBhv.vm at  [247,6]
2007-03-21 20:35:13,945 - Method parse threw exception for reference $generator in template om/Control.vm at  [909,13]
2007-03-21 20:35:50,211 - SimpleLog4JLogSystem initialized using logfile 'velocity.log'
2007-03-21 20:35:50,211 - ************************************************************** 
2007-03-21 20:35:50,211 - Starting Jakarta Velocity v1.3.1
2007-03-21 20:35:50,211 - RuntimeInstance initializing.
2007-03-21 20:35:50,211 - Default Properties File: org\apache\velocity\runtime\defaults\velocity.properties
2007-03-21 20:35:50,211 - Trying to use logger class org.apache.velocity.runtime.log.AvalonLogSystem
2007-03-21 20:35:50,211 - Couldn't find class org.apache.velocity.runtime.log.AvalonLogSystem or necessary supporting classes in classpath. Exception : java.lang.NoClassDefFoundError: org/apache/log/format/Formatter
2007-03-21 20:35:50,211 - Trying to use logger class org.apache.velocity.runtime.log.SimpleLog4JLogSystem
2007-03-21 20:35:50,211 - Using logger class org.apache.velocity.runtime.log.SimpleLog4JLogSystem
2007-03-21 20:35:50,227 - Default ResourceManager initializing. (class org.apache.velocity.runtime.resource.ResourceManagerImpl)
2007-03-21 20:35:50,258 - Resource Loader Instantiated: org.apache.velocity.runtime.resource.loader.FileResourceLoader
2007-03-21 20:35:50,258 - FileResourceLoader : initialization starting.
2007-03-21 20:35:50,258 - FileResourceLoader : adding path 'J:\wk\dbflute\dbflute-0.4\templates'
2007-03-21 20:35:50,258 - FileResourceLoader : initialization complete.
2007-03-21 20:35:50,258 - ResourceCache : initialized. (class org.apache.velocity.runtime.resource.ResourceCacheImpl)
2007-03-21 20:35:50,258 - Default ResourceManager initialization complete.
2007-03-21 20:35:50,273 - Loaded System Directive: org.apache.velocity.runtime.directive.Literal
2007-03-21 20:35:50,273 - Loaded System Directive: org.apache.velocity.runtime.directive.Macro
2007-03-21 20:35:50,273 - Loaded System Directive: org.apache.velocity.runtime.directive.Parse
2007-03-21 20:35:50,289 - Loaded System Directive: org.apache.velocity.runtime.directive.Include
2007-03-21 20:35:50,289 - Loaded System Directive: org.apache.velocity.runtime.directive.Foreach
2007-03-21 20:35:50,617 - Created: 20 parsers.
2007-03-21 20:35:50,617 - Velocimacro : initialization starting.
2007-03-21 20:35:50,617 - Velocimacro : adding VMs from VM library template : VM_global_library.vm
2007-03-21 20:35:50,617 - ResourceManager : unable to find resource 'VM_global_library.vm' in any resource loader.
2007-03-21 20:35:50,617 - Velocimacro : error using  VM library template VM_global_library.vm : org.apache.velocity.exception.ResourceNotFoundException: Unable to find resource 'VM_global_library.vm'
2007-03-21 20:35:50,617 - Velocimacro :  VM library template macro registration complete.
2007-03-21 20:35:50,617 - Velocimacro : allowInline = true : VMs can be defined inline in templates
2007-03-21 20:35:50,633 - Velocimacro : allowInlineToOverride = false : VMs defined inline may NOT replace previous VM definitions
2007-03-21 20:35:50,633 - Velocimacro : allowInlineLocal = false : VMs defined inline will be  global in scope if allowed.
2007-03-21 20:35:50,633 - Velocimacro : messages on  : VM system will output logging messages
2007-03-21 20:35:50,633 - Velocimacro : autoload off  : VM system will not automatically reload global library macros
2007-03-21 20:35:50,633 - Velocimacro : initialization complete.
2007-03-21 20:35:50,633 - Velocity successfully started.
2007-03-21 20:35:51,586 - ResourceManager : found om/Control.vm with loader org.apache.velocity.runtime.resource.loader.FileResourceLoader
2007-03-21 20:35:51,602 - ResourceManager : found sql/base/postgresql/db.props with loader org.apache.velocity.runtime.resource.loader.FileResourceLoader
2007-03-21 20:35:52,211 - ResourceManager : found om/java/allcommon/bhv/BehaviorReadable.vm with loader org.apache.velocity.runtime.resource.loader.FileResourceLoader
2007-03-21 20:35:52,258 - ResourceManager : found om/java/allcommon/bhv/BehaviorWritable.vm with loader org.apache.velocity.runtime.resource.loader.FileResourceLoader
2007-03-21 20:35:52,273 - ResourceManager : found om/java/allcommon/bhv/AbstractBehaviorReadable.vm with loader org.apache.velocity.runtime.resource.loader.FileResourceLoader
2007-03-21 20:35:52,305 - ResourceManager : found om/java/allcommon/bhv/AbstractBehaviorWritable.vm with loader org.apache.velocity.runtime.resource.loader.FileResourceLoader
2007-03-21 20:35:52,336 - ResourceManager : found om/java/allcommon/DaoReadable.vm with loader org.apache.velocity.runtime.resource.loader.FileResourceLoader
2007-03-21 20:35:52,336 - ResourceManager : found om/java/allcommon/DaoWritable.vm with loader org.apache.velocity.runtime.resource.loader.FileResourceLoader
2007-03-21 20:35:52,352 - ResourceManager : found om/java/allcommon/Entity.vm with loader org.apache.velocity.runtime.resource.loader.FileResourceLoader
2007-03-21 20:35:52,352 - ResourceManager : found om/java/allcommon/EntityDefinedCommonColumn.vm with loader org.apache.velocity.runtime.resource.loader.FileResourceLoader
2007-03-21 20:35:52,383 - ResourceManager : found om/java/allcommon/cbean/FetchNarrowingBeanContext.vm with loader org.apache.velocity.runtime.resource.loader.FileResourceLoader
2007-03-21 20:35:52,398 - ResourceManager : found om/java/allcommon/cbean/FetchNarrowingBean.vm with loader org.apache.velocity.runtime.resource.loader.FileResourceLoader
2007-03-21 20:35:52,398 - ResourceManager : found om/java/allcommon/cbean/SimpleOrderByBean.vm with loader org.apache.velocity.runtime.resource.loader.FileResourceLoader
2007-03-21 20:35:53,164 - ResourceManager : found om/java/allcommon/cbean/SimplePagingBean.vm with loader org.apache.velocity.runtime.resource.loader.FileResourceLoader
2007-03-21 20:35:53,180 - ResourceManager : found om/java/allcommon/cbean/PagingResultBean.vm with loader org.apache.velocity.runtime.resource.loader.FileResourceLoader
2007-03-21 20:35:53,211 - ResourceManager : found om/java/allcommon/cbean/ListResultBean.vm with loader org.apache.velocity.runtime.resource.loader.FileResourceLoader
2007-03-21 20:35:53,227 - ResourceManager : found om/java/allcommon/cbean/ConditionBeanContext.vm with loader org.apache.velocity.runtime.resource.loader.FileResourceLoader
2007-03-21 20:35:53,242 - ResourceManager : found om/java/allcommon/cbean/ConditionBean.vm with loader org.apache.velocity.runtime.resource.loader.FileResourceLoader
2007-03-21 20:35:53,242 - ResourceManager : found om/java/allcommon/cbean/ConditionQuery.vm with loader org.apache.velocity.runtime.resource.loader.FileResourceLoader
2007-03-21 20:35:53,242 - ResourceManager : found om/java/allcommon/cbean/PagingBean.vm with loader org.apache.velocity.runtime.resource.loader.FileResourceLoader
2007-03-21 20:35:53,258 - ResourceManager : found om/java/allcommon/cbean/OrderByBean.vm with loader org.apache.velocity.runtime.resource.loader.FileResourceLoader
2007-03-21 20:35:53,258 - ResourceManager : found om/java/allcommon/cbean/SelectResource.vm with loader org.apache.velocity.runtime.resource.loader.FileResourceLoader
2007-03-21 20:35:53,273 - ResourceManager : found om/java/allcommon/cbean/AbstractConditionBean.vm with loader org.apache.velocity.runtime.resource.loader.FileResourceLoader
2007-03-21 20:35:53,305 - ResourceManager : found om/java/allcommon/cbean/AbstractConditionQuery.vm with loader org.apache.velocity.runtime.resource.loader.FileResourceLoader
2007-03-21 20:35:53,305 - ResourceManager : found om/java/allcommon/cbean/ckey/ConditionKey.vm with loader org.apache.velocity.runtime.resource.loader.FileResourceLoader
2007-03-21 20:35:53,320 - ResourceManager : found om/java/allcommon/cbean/ckey/ConditionKey_equal.vm with loader org.apache.velocity.runtime.resource.loader.FileResourceLoader
2007-03-21 20:35:53,336 - ResourceManager : found om/java/allcommon/cbean/ckey/ConditionKey_notEqual.vm with loader org.apache.velocity.runtime.resource.loader.FileResourceLoader
2007-03-21 20:35:53,336 - ResourceManager : found om/java/allcommon/cbean/ckey/ConditionKey_greaterThan.vm with loader org.apache.velocity.runtime.resource.loader.FileResourceLoader
2007-03-21 20:35:53,352 - ResourceManager : found om/java/allcommon/cbean/ckey/ConditionKey_lessThan.vm with loader org.apache.velocity.runtime.resource.loader.FileResourceLoader
2007-03-21 20:35:53,352 - ResourceManager : found om/java/allcommon/cbean/ckey/ConditionKey_greaterEqual.vm with loader org.apache.velocity.runtime.resource.loader.FileResourceLoader
2007-03-21 20:35:53,367 - ResourceManager : found om/java/allcommon/cbean/ckey/ConditionKey_lessEqual.vm with loader org.apache.velocity.runtime.resource.loader.FileResourceLoader
2007-03-21 20:35:53,367 - ResourceManager : found om/java/allcommon/cbean/ckey/ConditionKey_prefixSearch.vm with loader org.apache.velocity.runtime.resource.loader.FileResourceLoader
2007-03-21 20:35:53,383 - ResourceManager : found om/java/allcommon/cbean/ckey/ConditionKey_inScope.vm with loader org.apache.velocity.runtime.resource.loader.FileResourceLoader
2007-03-21 20:35:53,383 - ResourceManager : found om/java/allcommon/cbean/ckey/ConditionKey_notInScope.vm with loader org.apache.velocity.runtime.resource.loader.FileResourceLoader
2007-03-21 20:35:53,383 - ResourceManager : found om/java/allcommon/cbean/ckey/ConditionKey_isNull.vm with loader org.apache.velocity.runtime.resource.loader.FileResourceLoader
2007-03-21 20:35:53,414 - ResourceManager : found om/java/allcommon/cbean/ckey/ConditionKey_isNotNull.vm with loader org.apache.velocity.runtime.resource.loader.FileResourceLoader
2007-03-21 20:35:53,430 - ResourceManager : found om/java/allcommon/cbean/cvalue/ConditionValue.vm with loader org.apache.velocity.runtime.resource.loader.FileResourceLoader
2007-03-21 20:35:53,430 - ResourceManager : found om/java/allcommon/cbean/sqlclause/SqlClause.vm with loader org.apache.velocity.runtime.resource.loader.FileResourceLoader
2007-03-21 20:35:53,445 - ResourceManager : found om/java/allcommon/cbean/sqlclause/AbstractSqlClause.vm with loader org.apache.velocity.runtime.resource.loader.FileResourceLoader
2007-03-21 20:35:53,477 - ResourceManager : found om/java/allcommon/cbean/sqlclause/SqlClause_postgresql.vm with loader org.apache.velocity.runtime.resource.loader.FileResourceLoader
2007-03-21 20:35:53,492 - ResourceManager : found om/java/allcommon/cbean/sqlclause/OrderByClause.vm with loader org.apache.velocity.runtime.resource.loader.FileResourceLoader
2007-03-21 20:35:53,492 - ResourceManager : found om/java/allcommon/cbean/sqlclause/OrderByElement.vm with loader org.apache.velocity.runtime.resource.loader.FileResourceLoader
2007-03-21 20:35:53,508 - ResourceManager : found om/java/allcommon/dbmeta/DBMeta.vm with loader org.apache.velocity.runtime.resource.loader.FileResourceLoader
2007-03-21 20:35:53,508 - ResourceManager : found om/java/allcommon/dbmeta/AbstractDBMeta.vm with loader org.apache.velocity.runtime.resource.loader.FileResourceLoader
2007-03-21 20:35:53,523 - ResourceManager : found om/java/allcommon/dbmeta/DBMetaInstanceHandler.vm with loader org.apache.velocity.runtime.resource.loader.FileResourceLoader
2007-03-21 20:35:53,727 - ResourceManager : found om/java/allcommon/exception/RecordHasAlreadyBeenDeletedException.vm with loader org.apache.velocity.runtime.resource.loader.FileResourceLoader
2007-03-21 20:35:53,727 - ResourceManager : found om/java/allcommon/exception/RecordHasOverlappedException.vm with loader org.apache.velocity.runtime.resource.loader.FileResourceLoader
2007-03-21 20:35:53,727 - ResourceManager : found om/java/allcommon/exception/SelectedCountExceedMaxCountException.vm with loader org.apache.velocity.runtime.resource.loader.FileResourceLoader
2007-03-21 20:35:53,742 - ResourceManager : found om/java/allcommon/helper/MapListString.vm with loader org.apache.velocity.runtime.resource.loader.FileResourceLoader
2007-03-21 20:35:53,773 - ResourceManager : found om/java/allcommon/helper/MapListStringImpl.vm with loader org.apache.velocity.runtime.resource.loader.FileResourceLoader
2007-03-21 20:35:53,789 - ResourceManager : found om/java/allcommon/helper/MapStringBuilder.vm with loader org.apache.velocity.runtime.resource.loader.FileResourceLoader
2007-03-21 20:35:53,789 - ResourceManager : found om/java/allcommon/helper/MapStringBuilderImpl.vm with loader org.apache.velocity.runtime.resource.loader.FileResourceLoader
2007-03-21 20:35:53,805 - ResourceManager : found om/java/allcommon/DaoDicon.vm with loader org.apache.velocity.runtime.resource.loader.FileResourceLoader
2007-03-21 20:35:53,836 - ResourceManager : found om/java/allcommon/DaoSelector.vm with loader org.apache.velocity.runtime.resource.loader.FileResourceLoader
2007-03-21 20:35:53,836 - ResourceManager : found om/java/allcommon/CacheDaoSelector.vm with loader org.apache.velocity.runtime.resource.loader.FileResourceLoader
2007-03-21 20:35:53,852 - ResourceManager : found om/java/allcommon/GenMetaData.vm with loader org.apache.velocity.runtime.resource.loader.FileResourceLoader
2007-03-21 20:35:53,883 - ResourceManager : found om/java/allcommon/interceptor/CommonColumnSetupAbstractInterceptor.vm with loader org.apache.velocity.runtime.resource.loader.FileResourceLoader
2007-03-21 20:35:53,883 - ResourceManager : found om/java/allcommon/interceptor/CommonColumnSetupBeforeInsertInterceptor.vm with loader org.apache.velocity.runtime.resource.loader.FileResourceLoader
2007-03-21 20:35:53,898 - ResourceManager : found om/java/allcommon/interceptor/CommonColumnSetupBeforeUpdateInterceptor.vm with loader org.apache.velocity.runtime.resource.loader.FileResourceLoader
2007-03-21 20:35:53,914 - ResourceManager : found om/java/allcommon/interceptor/CommonColumnSetupBeforeDeleteInterceptor.vm with loader org.apache.velocity.runtime.resource.loader.FileResourceLoader
2007-03-21 20:35:53,930 - ResourceManager : found om/java/allcommon/s2dao/S2DaoInterceptor.vm with loader org.apache.velocity.runtime.resource.loader.FileResourceLoader
2007-03-21 20:35:53,945 - ResourceManager : found om/java/allcommon/s2dao/S2DaoMetaDataExtension.vm with loader org.apache.velocity.runtime.resource.loader.FileResourceLoader
2007-03-21 20:35:53,961 - org.apache.velocity.runtime.exception.ReferenceException: reference : template = om/java/allcommon/s2dao/S2DaoMetaDataExtension.vm [line 110,column 28] : $dto.selectHint is not a valid reference.
2007-03-21 20:35:53,961 - org.apache.velocity.runtime.exception.ReferenceException: reference : template = om/java/allcommon/s2dao/S2DaoMetaDataExtension.vm [line 174,column 28] : $dto.selectHint is not a valid reference.
2007-03-21 20:35:53,961 - ResourceManager : found om/java/allcommon/s2dao/S2DaoMetaDataFactoryImpl.vm with loader org.apache.velocity.runtime.resource.loader.FileResourceLoader
2007-03-21 20:35:53,961 - ResourceManager : found om/java/allcommon/s2dao/S2BeanMetaDataFactoryImpl.vm with loader org.apache.velocity.runtime.resource.loader.FileResourceLoader
2007-03-21 20:35:53,977 - ResourceManager : found om/java/allcommon/s2dao/S2DaoSelectDynamicCommand.vm with loader org.apache.velocity.runtime.resource.loader.FileResourceLoader
2007-03-21 20:35:53,992 - ResourceManager : found om/java/allcommon/s2dao/S2DaoStatementFactory.vm with loader org.apache.velocity.runtime.resource.loader.FileResourceLoader
2007-03-21 20:35:53,992 - ResourceManager : found om/java/allcommon/s2dao/FetchNarrowingResultSetFactory.vm with loader org.apache.velocity.runtime.resource.loader.FileResourceLoader
2007-03-21 20:35:53,992 - ResourceManager : found om/java/allcommon/s2dao/FetchNarrowingResultSetWrapper.vm with loader org.apache.velocity.runtime.resource.loader.FileResourceLoader
2007-03-21 20:35:54,039 - ResourceManager : found om/java/bsbhv/BaseBhv.vm with loader org.apache.velocity.runtime.resource.loader.FileResourceLoader
2007-03-21 20:35:54,102 - Method isUseSequence threw exception for reference $table in template om/java/bsbhv/BaseBhv.vm at  [247,6]
2007-03-21 20:35:54,102 - Method parse threw exception for reference $generator in template om/Control.vm at  [909,13]
2007-03-21 20:37:31,617 - SimpleLog4JLogSystem initialized using logfile 'velocity.log'
2007-03-21 20:37:31,617 - ************************************************************** 
2007-03-21 20:37:31,617 - Starting Jakarta Velocity v1.3.1
2007-03-21 20:37:31,617 - RuntimeInstance initializing.
2007-03-21 20:37:31,617 - Default Properties File: org\apache\velocity\runtime\defaults\velocity.properties
2007-03-21 20:37:31,617 - Trying to use logger class org.apache.velocity.runtime.log.AvalonLogSystem
2007-03-21 20:37:31,617 - Couldn't find class org.apache.velocity.runtime.log.AvalonLogSystem or necessary supporting classes in classpath. Exception : java.lang.NoClassDefFoundError: org/apache/log/format/Formatter
2007-03-21 20:37:31,617 - Trying to use logger class org.apache.velocity.runtime.log.SimpleLog4JLogSystem
2007-03-21 20:37:31,617 - Using logger class org.apache.velocity.runtime.log.SimpleLog4JLogSystem
2007-03-21 20:37:31,617 - Default ResourceManager initializing. (class org.apache.velocity.runtime.resource.ResourceManagerImpl)
2007-03-21 20:37:31,633 - Resource Loader Instantiated: org.apache.velocity.runtime.resource.loader.FileResourceLoader
2007-03-21 20:37:31,633 - FileResourceLoader : initialization starting.
2007-03-21 20:37:31,633 - FileResourceLoader : adding path 'J:\wk\dbflute\dbflute-0.4\templates'
2007-03-21 20:37:31,633 - FileResourceLoader : initialization complete.
2007-03-21 20:37:31,648 - ResourceCache : initialized. (class org.apache.velocity.runtime.resource.ResourceCacheImpl)
2007-03-21 20:37:31,648 - Default ResourceManager initialization complete.
2007-03-21 20:37:31,648 - Loaded System Directive: org.apache.velocity.runtime.directive.Literal
2007-03-21 20:37:31,664 - Loaded System Directive: org.apache.velocity.runtime.directive.Macro
2007-03-21 20:37:31,664 - Loaded System Directive: org.apache.velocity.runtime.directive.Parse
2007-03-21 20:37:31,664 - Loaded System Directive: org.apache.velocity.runtime.directive.Include
2007-03-21 20:37:31,664 - Loaded System Directive: org.apache.velocity.runtime.directive.Foreach
2007-03-21 20:37:31,992 - Created: 20 parsers.
2007-03-21 20:37:31,992 - Velocimacro : initialization starting.
2007-03-21 20:37:31,992 - Velocimacro : adding VMs from VM library template : VM_global_library.vm
2007-03-21 20:37:31,992 - ResourceManager : unable to find resource 'VM_global_library.vm' in any resource loader.
2007-03-21 20:37:31,992 - Velocimacro : error using  VM library template VM_global_library.vm : org.apache.velocity.exception.ResourceNotFoundException: Unable to find resource 'VM_global_library.vm'
2007-03-21 20:37:31,992 - Velocimacro :  VM library template macro registration complete.
2007-03-21 20:37:31,992 - Velocimacro : allowInline = true : VMs can be defined inline in templates
2007-03-21 20:37:31,992 - Velocimacro : allowInlineToOverride = false : VMs defined inline may NOT replace previous VM definitions
2007-03-21 20:37:31,992 - Velocimacro : allowInlineLocal = false : VMs defined inline will be  global in scope if allowed.
2007-03-21 20:37:31,992 - Velocimacro : messages on  : VM system will output logging messages
2007-03-21 20:37:31,992 - Velocimacro : autoload off  : VM system will not automatically reload global library macros
2007-03-21 20:37:31,992 - Velocimacro : initialization complete.
2007-03-21 20:37:31,992 - Velocity successfully started.
2007-03-21 20:37:32,883 - ResourceManager : found om/Control.vm with loader org.apache.velocity.runtime.resource.loader.FileResourceLoader
2007-03-21 20:37:32,898 - ResourceManager : found sql/base/postgresql/db.props with loader org.apache.velocity.runtime.resource.loader.FileResourceLoader
2007-03-21 20:37:33,383 - ResourceManager : found om/java/allcommon/bhv/BehaviorReadable.vm with loader org.apache.velocity.runtime.resource.loader.FileResourceLoader
2007-03-21 20:37:33,414 - ResourceManager : found om/java/allcommon/bhv/BehaviorWritable.vm with loader org.apache.velocity.runtime.resource.loader.FileResourceLoader
2007-03-21 20:37:33,430 - ResourceManager : found om/java/allcommon/bhv/AbstractBehaviorReadable.vm with loader org.apache.velocity.runtime.resource.loader.FileResourceLoader
2007-03-21 20:37:33,461 - ResourceManager : found om/java/allcommon/bhv/AbstractBehaviorWritable.vm with loader org.apache.velocity.runtime.resource.loader.FileResourceLoader
2007-03-21 20:37:33,477 - ResourceManager : found om/java/allcommon/DaoReadable.vm with loader org.apache.velocity.runtime.resource.loader.FileResourceLoader
2007-03-21 20:37:33,477 - ResourceManager : found om/java/allcommon/DaoWritable.vm with loader org.apache.velocity.runtime.resource.loader.FileResourceLoader
2007-03-21 20:37:33,492 - ResourceManager : found om/java/allcommon/Entity.vm with loader org.apache.velocity.runtime.resource.loader.FileResourceLoader
2007-03-21 20:37:33,508 - ResourceManager : found om/java/allcommon/EntityDefinedCommonColumn.vm with loader org.apache.velocity.runtime.resource.loader.FileResourceLoader
2007-03-21 20:37:33,523 - ResourceManager : found om/java/allcommon/cbean/FetchNarrowingBeanContext.vm with loader org.apache.velocity.runtime.resource.loader.FileResourceLoader
2007-03-21 20:37:33,523 - ResourceManager : found om/java/allcommon/cbean/FetchNarrowingBean.vm with loader org.apache.velocity.runtime.resource.loader.FileResourceLoader
2007-03-21 20:37:33,539 - ResourceManager : found om/java/allcommon/cbean/SimpleOrderByBean.vm with loader org.apache.velocity.runtime.resource.loader.FileResourceLoader
2007-03-21 20:37:34,258 - ResourceManager : found om/java/allcommon/cbean/SimplePagingBean.vm with loader org.apache.velocity.runtime.resource.loader.FileResourceLoader
2007-03-21 20:37:34,273 - ResourceManager : found om/java/allcommon/cbean/PagingResultBean.vm with loader org.apache.velocity.runtime.resource.loader.FileResourceLoader
2007-03-21 20:37:34,305 - ResourceManager : found om/java/allcommon/cbean/ListResultBean.vm with loader org.apache.velocity.runtime.resource.loader.FileResourceLoader
2007-03-21 20:37:34,320 - ResourceManager : found om/java/allcommon/cbean/ConditionBeanContext.vm with loader org.apache.velocity.runtime.resource.loader.FileResourceLoader
2007-03-21 20:37:34,320 - ResourceManager : found om/java/allcommon/cbean/ConditionBean.vm with loader org.apache.velocity.runtime.resource.loader.FileResourceLoader
2007-03-21 20:37:34,336 - ResourceManager : found om/java/allcommon/cbean/ConditionQuery.vm with loader org.apache.velocity.runtime.resource.loader.FileResourceLoader
2007-03-21 20:37:34,336 - ResourceManager : found om/java/allcommon/cbean/PagingBean.vm with loader org.apache.velocity.runtime.resource.loader.FileResourceLoader
2007-03-21 20:37:34,336 - ResourceManager : found om/java/allcommon/cbean/OrderByBean.vm with loader org.apache.velocity.runtime.resource.loader.FileResourceLoader
2007-03-21 20:37:34,352 - ResourceManager : found om/java/allcommon/cbean/SelectResource.vm with loader org.apache.velocity.runtime.resource.loader.FileResourceLoader
2007-03-21 20:37:34,367 - ResourceManager : found om/java/allcommon/cbean/AbstractConditionBean.vm with loader org.apache.velocity.runtime.resource.loader.FileResourceLoader
2007-03-21 20:37:34,383 - ResourceManager : found om/java/allcommon/cbean/AbstractConditionQuery.vm with loader org.apache.velocity.runtime.resource.loader.FileResourceLoader
2007-03-21 20:37:34,383 - ResourceManager : found om/java/allcommon/cbean/ckey/ConditionKey.vm with loader org.apache.velocity.runtime.resource.loader.FileResourceLoader
2007-03-21 20:37:34,398 - ResourceManager : found om/java/allcommon/cbean/ckey/ConditionKey_equal.vm with loader org.apache.velocity.runtime.resource.loader.FileResourceLoader
2007-03-21 20:37:34,414 - ResourceManager : found om/java/allcommon/cbean/ckey/ConditionKey_notEqual.vm with loader org.apache.velocity.runtime.resource.loader.FileResourceLoader
2007-03-21 20:37:34,414 - ResourceManager : found om/java/allcommon/cbean/ckey/ConditionKey_greaterThan.vm with loader org.apache.velocity.runtime.resource.loader.FileResourceLoader
2007-03-21 20:37:34,414 - ResourceManager : found om/java/allcommon/cbean/ckey/ConditionKey_lessThan.vm with loader org.apache.velocity.runtime.resource.loader.FileResourceLoader
2007-03-21 20:37:34,430 - ResourceManager : found om/java/allcommon/cbean/ckey/ConditionKey_greaterEqual.vm with loader org.apache.velocity.runtime.resource.loader.FileResourceLoader
2007-03-21 20:37:34,445 - ResourceManager : found om/java/allcommon/cbean/ckey/ConditionKey_lessEqual.vm with loader org.apache.velocity.runtime.resource.loader.FileResourceLoader
2007-03-21 20:37:34,445 - ResourceManager : found om/java/allcommon/cbean/ckey/ConditionKey_prefixSearch.vm with loader org.apache.velocity.runtime.resource.loader.FileResourceLoader
2007-03-21 20:37:34,461 - ResourceManager : found om/java/allcommon/cbean/ckey/ConditionKey_inScope.vm with loader org.apache.velocity.runtime.resource.loader.FileResourceLoader
2007-03-21 20:37:34,461 - ResourceManager : found om/java/allcommon/cbean/ckey/ConditionKey_notInScope.vm with loader org.apache.velocity.runtime.resource.loader.FileResourceLoader
2007-03-21 20:37:34,477 - ResourceManager : found om/java/allcommon/cbean/ckey/ConditionKey_isNull.vm with loader org.apache.velocity.runtime.resource.loader.FileResourceLoader
2007-03-21 20:37:34,477 - ResourceManager : found om/java/allcommon/cbean/ckey/ConditionKey_isNotNull.vm with loader org.apache.velocity.runtime.resource.loader.FileResourceLoader
2007-03-21 20:37:34,492 - ResourceManager : found om/java/allcommon/cbean/cvalue/ConditionValue.vm with loader org.apache.velocity.runtime.resource.loader.FileResourceLoader
2007-03-21 20:37:34,508 - ResourceManager : found om/java/allcommon/cbean/sqlclause/SqlClause.vm with loader org.apache.velocity.runtime.resource.loader.FileResourceLoader
2007-03-21 20:37:34,523 - ResourceManager : found om/java/allcommon/cbean/sqlclause/AbstractSqlClause.vm with loader org.apache.velocity.runtime.resource.loader.FileResourceLoader
2007-03-21 20:37:34,539 - ResourceManager : found om/java/allcommon/cbean/sqlclause/SqlClause_postgresql.vm with loader org.apache.velocity.runtime.resource.loader.FileResourceLoader
2007-03-21 20:37:34,539 - ResourceManager : found om/java/allcommon/cbean/sqlclause/OrderByClause.vm with loader org.apache.velocity.runtime.resource.loader.FileResourceLoader
2007-03-21 20:37:34,539 - ResourceManager : found om/java/allcommon/cbean/sqlclause/OrderByElement.vm with loader org.apache.velocity.runtime.resource.loader.FileResourceLoader
2007-03-21 20:37:34,570 - ResourceManager : found om/java/allcommon/dbmeta/DBMeta.vm with loader org.apache.velocity.runtime.resource.loader.FileResourceLoader
2007-03-21 20:37:34,570 - ResourceManager : found om/java/allcommon/dbmeta/AbstractDBMeta.vm with loader org.apache.velocity.runtime.resource.loader.FileResourceLoader
2007-03-21 20:37:34,586 - ResourceManager : found om/java/allcommon/dbmeta/DBMetaInstanceHandler.vm with loader org.apache.velocity.runtime.resource.loader.FileResourceLoader
2007-03-21 20:37:34,617 - ResourceManager : found om/java/allcommon/exception/RecordHasAlreadyBeenDeletedException.vm with loader org.apache.velocity.runtime.resource.loader.FileResourceLoader
2007-03-21 20:37:34,617 - ResourceManager : found om/java/allcommon/exception/RecordHasOverlappedException.vm with loader org.apache.velocity.runtime.resource.loader.FileResourceLoader
2007-03-21 20:37:34,633 - ResourceManager : found om/java/allcommon/exception/SelectedCountExceedMaxCountException.vm with loader org.apache.velocity.runtime.resource.loader.FileResourceLoader
2007-03-21 20:37:34,633 - ResourceManager : found om/java/allcommon/helper/MapListString.vm with loader org.apache.velocity.runtime.resource.loader.FileResourceLoader
2007-03-21 20:37:34,648 - ResourceManager : found om/java/allcommon/helper/MapListStringImpl.vm with loader org.apache.velocity.runtime.resource.loader.FileResourceLoader
2007-03-21 20:37:34,664 - ResourceManager : found om/java/allcommon/helper/MapStringBuilder.vm with loader org.apache.velocity.runtime.resource.loader.FileResourceLoader
2007-03-21 20:37:34,664 - ResourceManager : found om/java/allcommon/helper/MapStringBuilderImpl.vm with loader org.apache.velocity.runtime.resource.loader.FileResourceLoader
2007-03-21 20:37:34,695 - ResourceManager : found om/java/allcommon/DaoDicon.vm with loader org.apache.velocity.runtime.resource.loader.FileResourceLoader
2007-03-21 20:37:34,711 - ResourceManager : found om/java/allcommon/DaoSelector.vm with loader org.apache.velocity.runtime.resource.loader.FileResourceLoader
2007-03-21 20:37:34,711 - ResourceManager : found om/java/allcommon/CacheDaoSelector.vm with loader org.apache.velocity.runtime.resource.loader.FileResourceLoader
2007-03-21 20:37:34,727 - ResourceManager : found om/java/allcommon/GenMetaData.vm with loader org.apache.velocity.runtime.resource.loader.FileResourceLoader
2007-03-21 20:37:34,742 - ResourceManager : found om/java/allcommon/interceptor/CommonColumnSetupAbstractInterceptor.vm with loader org.apache.velocity.runtime.resource.loader.FileResourceLoader
2007-03-21 20:37:34,758 - ResourceManager : found om/java/allcommon/interceptor/CommonColumnSetupBeforeInsertInterceptor.vm with loader org.apache.velocity.runtime.resource.loader.FileResourceLoader
2007-03-21 20:37:34,758 - ResourceManager : found om/java/allcommon/interceptor/CommonColumnSetupBeforeUpdateInterceptor.vm with loader org.apache.velocity.runtime.resource.loader.FileResourceLoader
2007-03-21 20:37:34,773 - ResourceManager : found om/java/allcommon/interceptor/CommonColumnSetupBeforeDeleteInterceptor.vm with loader org.apache.velocity.runtime.resource.loader.FileResourceLoader
2007-03-21 20:37:34,773 - ResourceManager : found om/java/allcommon/s2dao/S2DaoInterceptor.vm with loader org.apache.velocity.runtime.resource.loader.FileResourceLoader
2007-03-21 20:37:34,805 - ResourceManager : found om/java/allcommon/s2dao/S2DaoMetaDataExtension.vm with loader org.apache.velocity.runtime.resource.loader.FileResourceLoader
2007-03-21 20:37:34,805 - org.apache.velocity.runtime.exception.ReferenceException: reference : template = om/java/allcommon/s2dao/S2DaoMetaDataExtension.vm [line 110,column 28] : $dto.selectHint is not a valid reference.
2007-03-21 20:37:34,805 - org.apache.velocity.runtime.exception.ReferenceException: reference : template = om/java/allcommon/s2dao/S2DaoMetaDataExtension.vm [line 174,column 28] : $dto.selectHint is not a valid reference.
2007-03-21 20:37:34,820 - ResourceManager : found om/java/allcommon/s2dao/S2DaoMetaDataFactoryImpl.vm with loader org.apache.velocity.runtime.resource.loader.FileResourceLoader
2007-03-21 20:37:34,820 - ResourceManager : found om/java/allcommon/s2dao/S2BeanMetaDataFactoryImpl.vm with loader org.apache.velocity.runtime.resource.loader.FileResourceLoader
2007-03-21 20:37:34,820 - ResourceManager : found om/java/allcommon/s2dao/S2DaoSelectDynamicCommand.vm with loader org.apache.velocity.runtime.resource.loader.FileResourceLoader
2007-03-21 20:37:34,836 - ResourceManager : found om/java/allcommon/s2dao/S2DaoStatementFactory.vm with loader org.apache.velocity.runtime.resource.loader.FileResourceLoader
2007-03-21 20:37:34,836 - ResourceManager : found om/java/allcommon/s2dao/FetchNarrowingResultSetFactory.vm with loader org.apache.velocity.runtime.resource.loader.FileResourceLoader
2007-03-21 20:37:34,836 - ResourceManager : found om/java/allcommon/s2dao/FetchNarrowingResultSetWrapper.vm with loader org.apache.velocity.runtime.resource.loader.FileResourceLoader
2007-03-21 20:37:34,883 - ResourceManager : found om/java/bsbhv/BaseBhv.vm with loader org.apache.velocity.runtime.resource.loader.FileResourceLoader
2007-03-21 20:37:34,977 - ResourceManager : found om/java/bsdao/BaseDao.vm with loader org.apache.velocity.runtime.resource.loader.FileResourceLoader
2007-03-21 20:37:34,977 - org.apache.velocity.runtime.exception.ReferenceException: reference : template = om/java/bsdao/BaseDao.vm [line 107,column 32] : ${database.ConditionBeanSelectCountMethodName} is not a valid reference.
2007-03-21 20:37:35,039 - ResourceManager : found om/java/bsentity/BaseEntity.vm with loader org.apache.velocity.runtime.resource.loader.FileResourceLoader
2007-03-21 20:37:35,102 - ResourceManager : found om/java/bsentity/dbmeta/DBMetaImpl.vm with loader org.apache.velocity.runtime.resource.loader.FileResourceLoader
2007-03-21 20:37:35,117 - ResourceManager : found om/java/exbhv/ExtendedBhv.vm with loader org.apache.velocity.runtime.resource.loader.FileResourceLoader
2007-03-21 20:37:35,133 - ResourceManager : found om/java/exdao/ExtendedDao.vm with loader org.apache.velocity.runtime.resource.loader.FileResourceLoader
2007-03-21 20:37:35,148 - ResourceManager : found om/java/exentity/ExtendedEntity.vm with loader org.apache.velocity.runtime.resource.loader.FileResourceLoader
2007-03-21 20:37:35,164 - ResourceManager : found om/java/cbean/BsConditionBean.vm with loader org.apache.velocity.runtime.resource.loader.FileResourceLoader
2007-03-21 20:37:35,383 - ResourceManager : found om/java/cbean/AbstractBsConditionQuery.vm with loader org.apache.velocity.runtime.resource.loader.FileResourceLoader
2007-03-21 20:37:35,414 - ResourceManager : found om/java/cbean/BsConditionInlineQuery.vm with loader org.apache.velocity.runtime.resource.loader.FileResourceLoader
2007-03-21 20:37:35,461 - ResourceManager : found om/java/cbean/BsConditionQuery.vm with loader org.apache.velocity.runtime.resource.loader.FileResourceLoader
2007-03-21 20:37:35,477 - ResourceManager : found om/java/cbean/NestSelectSetupper.vm with loader org.apache.velocity.runtime.resource.loader.FileResourceLoader
2007-03-21 20:37:35,508 - ResourceManager : found om/java/cbean/ExConditionBean.vm with loader org.apache.velocity.runtime.resource.loader.FileResourceLoader
2007-03-21 20:37:35,523 - ResourceManager : found om/java/cbean/ExConditionQuery.vm with loader org.apache.velocity.runtime.resource.loader.FileResourceLoader
2007-03-21 20:37:35,539 - ResourceManager : found om/java/bsbhv/BaseBhv.vm with loader org.apache.velocity.runtime.resource.loader.FileResourceLoader
2007-03-21 20:37:35,570 - ResourceManager : found om/java/bsdao/BaseDao.vm with loader org.apache.velocity.runtime.resource.loader.FileResourceLoader
2007-03-21 20:37:35,570 - org.apache.velocity.runtime.exception.ReferenceException: reference : template = om/java/bsdao/BaseDao.vm [line 107,column 32] : ${database.ConditionBeanSelectCountMethodName} is not a valid reference.
2007-03-21 20:37:35,586 - ResourceManager : found om/java/bsentity/BaseEntity.vm with loader org.apache.velocity.runtime.resource.loader.FileResourceLoader
2007-03-21 20:37:35,633 - ResourceManager : found om/java/bsentity/dbmeta/DBMetaImpl.vm with loader org.apache.velocity.runtime.resource.loader.FileResourceLoader
2007-03-21 20:37:35,648 - ResourceManager : found om/java/exbhv/ExtendedBhv.vm with loader org.apache.velocity.runtime.resource.loader.FileResourceLoader
2007-03-21 20:37:35,648 - ResourceManager : found om/java/exdao/ExtendedDao.vm with loader org.apache.velocity.runtime.resource.loader.FileResourceLoader
2007-03-21 20:37:35,648 - ResourceManager : found om/java/exentity/ExtendedEntity.vm with loader org.apache.velocity.runtime.resource.loader.FileResourceLoader
2007-03-21 20:37:35,664 - ResourceManager : found om/java/cbean/BsConditionBean.vm with loader org.apache.velocity.runtime.resource.loader.FileResourceLoader
2007-03-21 20:37:35,680 - ResourceManager : found om/java/cbean/AbstractBsConditionQuery.vm with loader org.apache.velocity.runtime.resource.loader.FileResourceLoader
2007-03-21 20:37:35,695 - ResourceManager : found om/java/cbean/BsConditionInlineQuery.vm with loader org.apache.velocity.runtime.resource.loader.FileResourceLoader
2007-03-21 20:37:35,742 - ResourceManager : found om/java/cbean/BsConditionQuery.vm with loader org.apache.velocity.runtime.resource.loader.FileResourceLoader
2007-03-21 20:37:35,742 - ResourceManager : found om/java/cbean/NestSelectSetupper.vm with loader org.apache.velocity.runtime.resource.loader.FileResourceLoader
2007-03-21 20:37:35,742 - ResourceManager : found om/java/cbean/ExConditionBean.vm with loader org.apache.velocity.runtime.resource.loader.FileResourceLoader
2007-03-21 20:37:35,758 - ResourceManager : found om/java/cbean/ExConditionQuery.vm with loader org.apache.velocity.runtime.resource.loader.FileResourceLoader
2007-03-21 20:56:50,289 - SimpleLog4JLogSystem initialized using logfile 'velocity.log'
2007-03-21 20:56:50,289 - ************************************************************** 
2007-03-21 20:56:50,289 - Starting Jakarta Velocity v1.3.1
2007-03-21 20:56:50,289 - RuntimeInstance initializing.
2007-03-21 20:56:50,289 - Default Properties File: org\apache\velocity\runtime\defaults\velocity.properties
2007-03-21 20:56:50,289 - Trying to use logger class org.apache.velocity.runtime.log.AvalonLogSystem
2007-03-21 20:56:50,289 - Couldn't find class org.apache.velocity.runtime.log.AvalonLogSystem or necessary supporting classes in classpath. Exception : java.lang.NoClassDefFoundError: org/apache/log/format/Formatter
2007-03-21 20:56:50,289 - Trying to use logger class org.apache.velocity.runtime.log.SimpleLog4JLogSystem
2007-03-21 20:56:50,289 - Using logger class org.apache.velocity.runtime.log.SimpleLog4JLogSystem
2007-03-21 20:56:50,305 - Default ResourceManager initializing. (class org.apache.velocity.runtime.resource.ResourceManagerImpl)
2007-03-21 20:56:50,320 - Resource Loader Instantiated: org.apache.velocity.runtime.resource.loader.FileResourceLoader
2007-03-21 20:56:50,320 - FileResourceLoader : initialization starting.
2007-03-21 20:56:50,320 - FileResourceLoader : adding path 'J:\wk\dbflute\dbflute-0.4\templates'
2007-03-21 20:56:50,320 - FileResourceLoader : initialization complete.
2007-03-21 20:56:50,320 - ResourceCache : initialized. (class org.apache.velocity.runtime.resource.ResourceCacheImpl)
2007-03-21 20:56:50,320 - Default ResourceManager initialization complete.
2007-03-21 20:56:50,320 - Loaded System Directive: org.apache.velocity.runtime.directive.Literal
2007-03-21 20:56:50,320 - Loaded System Directive: org.apache.velocity.runtime.directive.Macro
2007-03-21 20:56:50,320 - Loaded System Directive: org.apache.velocity.runtime.directive.Parse
2007-03-21 20:56:50,336 - Loaded System Directive: org.apache.velocity.runtime.directive.Include
2007-03-21 20:56:50,336 - Loaded System Directive: org.apache.velocity.runtime.directive.Foreach
2007-03-21 20:56:50,602 - Created: 20 parsers.
2007-03-21 20:56:50,602 - Velocimacro : initialization starting.
2007-03-21 20:56:50,602 - Velocimacro : adding VMs from VM library template : VM_global_library.vm
2007-03-21 20:56:50,602 - ResourceManager : unable to find resource 'VM_global_library.vm' in any resource loader.
2007-03-21 20:56:50,602 - Velocimacro : error using  VM library template VM_global_library.vm : org.apache.velocity.exception.ResourceNotFoundException: Unable to find resource 'VM_global_library.vm'
2007-03-21 20:56:50,602 - Velocimacro :  VM library template macro registration complete.
2007-03-21 20:56:50,602 - Velocimacro : allowInline = true : VMs can be defined inline in templates
2007-03-21 20:56:50,602 - Velocimacro : allowInlineToOverride = false : VMs defined inline may NOT replace previous VM definitions
2007-03-21 20:56:50,602 - Velocimacro : allowInlineLocal = false : VMs defined inline will be  global in scope if allowed.
2007-03-21 20:56:50,602 - Velocimacro : messages on  : VM system will output logging messages
2007-03-21 20:56:50,602 - Velocimacro : autoload off  : VM system will not automatically reload global library macros
2007-03-21 20:56:50,602 - Velocimacro : initialization complete.
2007-03-21 20:56:50,602 - Velocity successfully started.
2007-03-21 20:56:51,289 - ResourceManager : found om/Control.vm with loader org.apache.velocity.runtime.resource.loader.FileResourceLoader
2007-03-21 20:56:51,305 - ResourceManager : found sql/base/postgresql/db.props with loader org.apache.velocity.runtime.resource.loader.FileResourceLoader
2007-03-21 20:56:51,633 - ResourceManager : found om/java/allcommon/bhv/BehaviorReadable.vm with loader org.apache.velocity.runtime.resource.loader.FileResourceLoader
2007-03-21 20:56:51,664 - ResourceManager : found om/java/allcommon/bhv/BehaviorWritable.vm with loader org.apache.velocity.runtime.resource.loader.FileResourceLoader
2007-03-21 20:56:51,680 - ResourceManager : found om/java/allcommon/bhv/AbstractBehaviorReadable.vm with loader org.apache.velocity.runtime.resource.loader.FileResourceLoader
2007-03-21 20:56:51,695 - ResourceManager : found om/java/allcommon/bhv/AbstractBehaviorWritable.vm with loader org.apache.velocity.runtime.resource.loader.FileResourceLoader
2007-03-21 20:56:51,711 - ResourceManager : found om/java/allcommon/DaoReadable.vm with loader org.apache.velocity.runtime.resource.loader.FileResourceLoader
2007-03-21 20:56:51,711 - ResourceManager : found om/java/allcommon/DaoWritable.vm with loader org.apache.velocity.runtime.resource.loader.FileResourceLoader
2007-03-21 20:56:51,727 - ResourceManager : found om/java/allcommon/Entity.vm with loader org.apache.velocity.runtime.resource.loader.FileResourceLoader
2007-03-21 20:56:51,742 - ResourceManager : found om/java/allcommon/EntityDefinedCommonColumn.vm with loader org.apache.velocity.runtime.resource.loader.FileResourceLoader
2007-03-21 20:56:51,742 - ResourceManager : found om/java/allcommon/cbean/FetchNarrowingBeanContext.vm with loader org.apache.velocity.runtime.resource.loader.FileResourceLoader
2007-03-21 20:56:51,758 - ResourceManager : found om/java/allcommon/cbean/FetchNarrowingBean.vm with loader org.apache.velocity.runtime.resource.loader.FileResourceLoader
2007-03-21 20:56:51,758 - ResourceManager : found om/java/allcommon/cbean/SimpleOrderByBean.vm with loader org.apache.velocity.runtime.resource.loader.FileResourceLoader
2007-03-21 20:56:52,492 - ResourceManager : found om/java/allcommon/cbean/SimplePagingBean.vm with loader org.apache.velocity.runtime.resource.loader.FileResourceLoader
2007-03-21 20:56:52,508 - ResourceManager : found om/java/allcommon/cbean/PagingResultBean.vm with loader org.apache.velocity.runtime.resource.loader.FileResourceLoader
2007-03-21 20:56:52,523 - ResourceManager : found om/java/allcommon/cbean/ListResultBean.vm with loader org.apache.velocity.runtime.resource.loader.FileResourceLoader
2007-03-21 20:56:52,523 - ResourceManager : found om/java/allcommon/cbean/ConditionBeanContext.vm with loader org.apache.velocity.runtime.resource.loader.FileResourceLoader
2007-03-21 20:56:52,539 - ResourceManager : found om/java/allcommon/cbean/ConditionBean.vm with loader org.apache.velocity.runtime.resource.loader.FileResourceLoader
2007-03-21 20:56:52,539 - ResourceManager : found om/java/allcommon/cbean/ConditionQuery.vm with loader org.apache.velocity.runtime.resource.loader.FileResourceLoader
2007-03-21 20:56:52,555 - ResourceManager : found om/java/allcommon/cbean/PagingBean.vm with loader org.apache.velocity.runtime.resource.loader.FileResourceLoader
2007-03-21 20:56:52,555 - ResourceManager : found om/java/allcommon/cbean/OrderByBean.vm with loader org.apache.velocity.runtime.resource.loader.FileResourceLoader
2007-03-21 20:56:52,555 - ResourceManager : found om/java/allcommon/cbean/SelectResource.vm with loader org.apache.velocity.runtime.resource.loader.FileResourceLoader
2007-03-21 20:56:52,570 - ResourceManager : found om/java/allcommon/cbean/AbstractConditionBean.vm with loader org.apache.velocity.runtime.resource.loader.FileResourceLoader
2007-03-21 20:56:52,586 - ResourceManager : found om/java/allcommon/cbean/AbstractConditionQuery.vm with loader org.apache.velocity.runtime.resource.loader.FileResourceLoader
2007-03-21 20:56:52,586 - ResourceManager : found om/java/allcommon/cbean/ckey/ConditionKey.vm with loader org.apache.velocity.runtime.resource.loader.FileResourceLoader
2007-03-21 20:56:52,602 - ResourceManager : found om/java/allcommon/cbean/ckey/ConditionKey_equal.vm with loader org.apache.velocity.runtime.resource.loader.FileResourceLoader
2007-03-21 20:56:52,617 - ResourceManager : found om/java/allcommon/cbean/ckey/ConditionKey_notEqual.vm with loader org.apache.velocity.runtime.resource.loader.FileResourceLoader
2007-03-21 20:56:52,617 - ResourceManager : found om/java/allcommon/cbean/ckey/ConditionKey_greaterThan.vm with loader org.apache.velocity.runtime.resource.loader.FileResourceLoader
2007-03-21 20:56:52,633 - ResourceManager : found om/java/allcommon/cbean/ckey/ConditionKey_lessThan.vm with loader org.apache.velocity.runtime.resource.loader.FileResourceLoader
2007-03-21 20:56:52,633 - ResourceManager : found om/java/allcommon/cbean/ckey/ConditionKey_greaterEqual.vm with loader org.apache.velocity.runtime.resource.loader.FileResourceLoader
2007-03-21 20:56:52,633 - ResourceManager : found om/java/allcommon/cbean/ckey/ConditionKey_lessEqual.vm with loader org.apache.velocity.runtime.resource.loader.FileResourceLoader
2007-03-21 20:56:52,648 - ResourceManager : found om/java/allcommon/cbean/ckey/ConditionKey_prefixSearch.vm with loader org.apache.velocity.runtime.resource.loader.FileResourceLoader
2007-03-21 20:56:52,648 - ResourceManager : found om/java/allcommon/cbean/ckey/ConditionKey_inScope.vm with loader org.apache.velocity.runtime.resource.loader.FileResourceLoader
2007-03-21 20:56:52,664 - ResourceManager : found om/java/allcommon/cbean/ckey/ConditionKey_notInScope.vm with loader org.apache.velocity.runtime.resource.loader.FileResourceLoader
2007-03-21 20:56:52,664 - ResourceManager : found om/java/allcommon/cbean/ckey/ConditionKey_isNull.vm with loader org.apache.velocity.runtime.resource.loader.FileResourceLoader
2007-03-21 20:56:52,664 - ResourceManager : found om/java/allcommon/cbean/ckey/ConditionKey_isNotNull.vm with loader org.apache.velocity.runtime.resource.loader.FileResourceLoader
2007-03-21 20:56:52,680 - ResourceManager : found om/java/allcommon/cbean/cvalue/ConditionValue.vm with loader org.apache.velocity.runtime.resource.loader.FileResourceLoader
2007-03-21 20:56:52,695 - ResourceManager : found om/java/allcommon/cbean/sqlclause/SqlClause.vm with loader org.apache.velocity.runtime.resource.loader.FileResourceLoader
2007-03-21 20:56:52,695 - ResourceManager : found om/java/allcommon/cbean/sqlclause/AbstractSqlClause.vm with loader org.apache.velocity.runtime.resource.loader.FileResourceLoader
2007-03-21 20:56:52,711 - ResourceManager : found om/java/allcommon/cbean/sqlclause/SqlClause_postgresql.vm with loader org.apache.velocity.runtime.resource.loader.FileResourceLoader
2007-03-21 20:56:52,711 - ResourceManager : found om/java/allcommon/cbean/sqlclause/OrderByClause.vm with loader org.apache.velocity.runtime.resource.loader.FileResourceLoader
2007-03-21 20:56:52,727 - ResourceManager : found om/java/allcommon/cbean/sqlclause/OrderByElement.vm with loader org.apache.velocity.runtime.resource.loader.FileResourceLoader
2007-03-21 20:56:52,742 - ResourceManager : found om/java/allcommon/dbmeta/DBMeta.vm with loader org.apache.velocity.runtime.resource.loader.FileResourceLoader
2007-03-21 20:56:52,742 - ResourceManager : found om/java/allcommon/dbmeta/AbstractDBMeta.vm with loader org.apache.velocity.runtime.resource.loader.FileResourceLoader
2007-03-21 20:56:52,758 - ResourceManager : found om/java/allcommon/dbmeta/DBMetaInstanceHandler.vm with loader org.apache.velocity.runtime.resource.loader.FileResourceLoader
2007-03-21 20:56:52,773 - ResourceManager : found om/java/allcommon/exception/RecordHasAlreadyBeenDeletedException.vm with loader org.apache.velocity.runtime.resource.loader.FileResourceLoader
2007-03-21 20:56:52,789 - ResourceManager : found om/java/allcommon/exception/RecordHasOverlappedException.vm with loader org.apache.velocity.runtime.resource.loader.FileResourceLoader
2007-03-21 20:56:52,789 - ResourceManager : found om/java/allcommon/exception/SelectedCountExceedMaxCountException.vm with loader org.apache.velocity.runtime.resource.loader.FileResourceLoader
2007-03-21 20:56:52,805 - ResourceManager : found om/java/allcommon/helper/MapListString.vm with loader org.apache.velocity.runtime.resource.loader.FileResourceLoader
2007-03-21 20:56:52,820 - ResourceManager : found om/java/allcommon/helper/MapListStringImpl.vm with loader org.apache.velocity.runtime.resource.loader.FileResourceLoader
2007-03-21 20:56:52,836 - ResourceManager : found om/java/allcommon/helper/MapStringBuilder.vm with loader org.apache.velocity.runtime.resource.loader.FileResourceLoader
2007-03-21 20:56:52,836 - ResourceManager : found om/java/allcommon/helper/MapStringBuilderImpl.vm with loader org.apache.velocity.runtime.resource.loader.FileResourceLoader
2007-03-21 20:56:52,852 - ResourceManager : found om/java/allcommon/DaoDicon.vm with loader org.apache.velocity.runtime.resource.loader.FileResourceLoader
2007-03-21 20:56:52,867 - ResourceManager : found om/java/allcommon/DaoSelector.vm with loader org.apache.velocity.runtime.resource.loader.FileResourceLoader
2007-03-21 20:56:52,867 - ResourceManager : found om/java/allcommon/CacheDaoSelector.vm with loader org.apache.velocity.runtime.resource.loader.FileResourceLoader
2007-03-21 20:56:52,883 - ResourceManager : found om/java/allcommon/GenMetaData.vm with loader org.apache.velocity.runtime.resource.loader.FileResourceLoader
2007-03-21 20:56:52,898 - ResourceManager : found om/java/allcommon/interceptor/CommonColumnSetupAbstractInterceptor.vm with loader org.apache.velocity.runtime.resource.loader.FileResourceLoader
2007-03-21 20:56:52,898 - ResourceManager : found om/java/allcommon/interceptor/CommonColumnSetupBeforeInsertInterceptor.vm with loader org.apache.velocity.runtime.resource.loader.FileResourceLoader
2007-03-21 20:56:52,914 - ResourceManager : found om/java/allcommon/interceptor/CommonColumnSetupBeforeUpdateInterceptor.vm with loader org.apache.velocity.runtime.resource.loader.FileResourceLoader
2007-03-21 20:56:52,914 - ResourceManager : found om/java/allcommon/interceptor/CommonColumnSetupBeforeDeleteInterceptor.vm with loader org.apache.velocity.runtime.resource.loader.FileResourceLoader
2007-03-21 20:56:52,930 - ResourceManager : found om/java/allcommon/s2dao/S2DaoInterceptor.vm with loader org.apache.velocity.runtime.resource.loader.FileResourceLoader
2007-03-21 20:56:52,977 - ResourceManager : found om/java/allcommon/s2dao/S2DaoMetaDataExtension.vm with loader org.apache.velocity.runtime.resource.loader.FileResourceLoader
2007-03-21 20:56:52,977 - org.apache.velocity.runtime.exception.ReferenceException: reference : template = om/java/allcommon/s2dao/S2DaoMetaDataExtension.vm [line 110,column 28] : $dto.selectHint is not a valid reference.
2007-03-21 20:56:52,977 - org.apache.velocity.runtime.exception.ReferenceException: reference : template = om/java/allcommon/s2dao/S2DaoMetaDataExtension.vm [line 174,column 28] : $dto.selectHint is not a valid reference.
2007-03-21 20:56:52,977 - ResourceManager : found om/java/allcommon/s2dao/S2DaoMetaDataFactoryImpl.vm with loader org.apache.velocity.runtime.resource.loader.FileResourceLoader
2007-03-21 20:56:52,992 - ResourceManager : found om/java/allcommon/s2dao/S2BeanMetaDataFactoryImpl.vm with loader org.apache.velocity.runtime.resource.loader.FileResourceLoader
2007-03-21 20:56:52,992 - ResourceManager : found om/java/allcommon/s2dao/S2DaoSelectDynamicCommand.vm with loader org.apache.velocity.runtime.resource.loader.FileResourceLoader
2007-03-21 20:56:53,008 - ResourceManager : found om/java/allcommon/s2dao/S2DaoStatementFactory.vm with loader org.apache.velocity.runtime.resource.loader.FileResourceLoader
2007-03-21 20:56:53,008 - ResourceManager : found om/java/allcommon/s2dao/FetchNarrowingResultSetFactory.vm with loader org.apache.velocity.runtime.resource.loader.FileResourceLoader
2007-03-21 20:56:53,008 - ResourceManager : found om/java/allcommon/s2dao/FetchNarrowingResultSetWrapper.vm with loader org.apache.velocity.runtime.resource.loader.FileResourceLoader
2007-03-21 20:56:53,086 - ResourceManager : found om/java/bsbhv/BaseBhv.vm with loader org.apache.velocity.runtime.resource.loader.FileResourceLoader
2007-03-21 20:56:53,102 - ResourceManager : found om/java/bsdao/BaseDao.vm with loader org.apache.velocity.runtime.resource.loader.FileResourceLoader
2007-03-21 20:56:53,117 - org.apache.velocity.runtime.exception.ReferenceException: reference : template = om/java/bsdao/BaseDao.vm [line 107,column 32] : ${database.ConditionBeanSelectCountMethodName} is not a valid reference.
2007-03-21 20:56:53,148 - ResourceManager : found om/java/bsentity/BaseEntity.vm with loader org.apache.velocity.runtime.resource.loader.FileResourceLoader
2007-03-21 20:56:53,180 - ResourceManager : found om/java/bsentity/dbmeta/DBMetaImpl.vm with loader org.apache.velocity.runtime.resource.loader.FileResourceLoader
2007-03-21 20:56:53,195 - ResourceManager : found om/java/exbhv/ExtendedBhv.vm with loader org.apache.velocity.runtime.resource.loader.FileResourceLoader
2007-03-21 20:56:53,211 - ResourceManager : found om/java/exdao/ExtendedDao.vm with loader org.apache.velocity.runtime.resource.loader.FileResourceLoader
2007-03-21 20:56:53,211 - ResourceManager : found om/java/exentity/ExtendedEntity.vm with loader org.apache.velocity.runtime.resource.loader.FileResourceLoader
2007-03-21 20:56:53,211 - ResourceManager : found om/java/cbean/BsConditionBean.vm with loader org.apache.velocity.runtime.resource.loader.FileResourceLoader
2007-03-21 20:56:53,242 - ResourceManager : found om/java/cbean/AbstractBsConditionQuery.vm with loader org.apache.velocity.runtime.resource.loader.FileResourceLoader
2007-03-21 20:56:53,258 - ResourceManager : found om/java/cbean/BsConditionInlineQuery.vm with loader org.apache.velocity.runtime.resource.loader.FileResourceLoader
2007-03-21 20:56:53,445 - ResourceManager : found om/java/cbean/BsConditionQuery.vm with loader org.apache.velocity.runtime.resource.loader.FileResourceLoader
2007-03-21 20:56:53,445 - ResourceManager : found om/java/cbean/NestSelectSetupper.vm with loader org.apache.velocity.runtime.resource.loader.FileResourceLoader
2007-03-21 20:56:53,461 - ResourceManager : found om/java/cbean/ExConditionBean.vm with loader org.apache.velocity.runtime.resource.loader.FileResourceLoader
2007-03-21 20:56:53,461 - ResourceManager : found om/java/cbean/ExConditionQuery.vm with loader org.apache.velocity.runtime.resource.loader.FileResourceLoader
2007-03-21 20:56:53,492 - ResourceManager : found om/java/bsbhv/BaseBhv.vm with loader org.apache.velocity.runtime.resource.loader.FileResourceLoader
2007-03-21 20:56:53,508 - ResourceManager : found om/java/bsdao/BaseDao.vm with loader org.apache.velocity.runtime.resource.loader.FileResourceLoader
2007-03-21 20:56:53,508 - org.apache.velocity.runtime.exception.ReferenceException: reference : template = om/java/bsdao/BaseDao.vm [line 107,column 32] : ${database.ConditionBeanSelectCountMethodName} is not a valid reference.
2007-03-21 20:56:53,523 - ResourceManager : found om/java/bsentity/BaseEntity.vm with loader org.apache.velocity.runtime.resource.loader.FileResourceLoader
2007-03-21 20:56:53,555 - ResourceManager : found om/java/bsentity/dbmeta/DBMetaImpl.vm with loader org.apache.velocity.runtime.resource.loader.FileResourceLoader
2007-03-21 20:56:53,570 - ResourceManager : found om/java/exbhv/ExtendedBhv.vm with loader org.apache.velocity.runtime.resource.loader.FileResourceLoader
2007-03-21 20:56:53,570 - ResourceManager : found om/java/exdao/ExtendedDao.vm with loader org.apache.velocity.runtime.resource.loader.FileResourceLoader
2007-03-21 20:56:53,570 - ResourceManager : found om/java/exentity/ExtendedEntity.vm with loader org.apache.velocity.runtime.resource.loader.FileResourceLoader
2007-03-21 20:56:53,586 - ResourceManager : found om/java/cbean/BsConditionBean.vm with loader org.apache.velocity.runtime.resource.loader.FileResourceLoader
2007-03-21 20:56:53,602 - ResourceManager : found om/java/cbean/AbstractBsConditionQuery.vm with loader org.apache.velocity.runtime.resource.loader.FileResourceLoader
2007-03-21 20:56:53,617 - ResourceManager : found om/java/cbean/BsConditionInlineQuery.vm with loader org.apache.velocity.runtime.resource.loader.FileResourceLoader
2007-03-21 20:56:53,664 - ResourceManager : found om/java/cbean/BsConditionQuery.vm with loader org.apache.velocity.runtime.resource.loader.FileResourceLoader
2007-03-21 20:56:53,664 - ResourceManager : found om/java/cbean/NestSelectSetupper.vm with loader org.apache.velocity.runtime.resource.loader.FileResourceLoader
2007-03-21 20:56:53,664 - ResourceManager : found om/java/cbean/ExConditionBean.vm with loader org.apache.velocity.runtime.resource.loader.FileResourceLoader
2007-03-21 20:56:53,680 - ResourceManager : found om/java/cbean/ExConditionQuery.vm with loader org.apache.velocity.runtime.resource.loader.FileResourceLoader
