2007-02-15 05:34:17,996 - ResourceManager : found om/java/allcommon/cbean/ConditionBean.vm with loader org.apache.velocity.runtime.resource.loader.FileResourceLoader
2007-02-15 05:34:18,012 - ResourceManager : found om/java/allcommon/cbean/ConditionQuery.vm with loader org.apache.velocity.runtime.resource.loader.FileResourceLoader
2007-02-15 05:34:18,012 - ResourceManager : found om/java/allcommon/cbean/PagingBean.vm with loader org.apache.velocity.runtime.resource.loader.FileResourceLoader
2007-02-15 05:34:18,012 - ResourceManager : found om/java/allcommon/cbean/OrderByBean.vm with loader org.apache.velocity.runtime.resource.loader.FileResourceLoader
2007-02-15 05:34:18,027 - ResourceManager : found om/java/allcommon/cbean/SelectResource.vm with loader org.apache.velocity.runtime.resource.loader.FileResourceLoader
2007-02-15 05:34:18,027 - ResourceManager : found om/java/allcommon/cbean/AbstractConditionBean.vm with loader org.apache.velocity.runtime.resource.loader.FileResourceLoader
2007-02-15 05:34:18,043 - ResourceManager : found om/java/allcommon/cbean/AbstractConditionQuery.vm with loader org.apache.velocity.runtime.resource.loader.FileResourceLoader
2007-02-15 05:34:18,058 - ResourceManager : found om/java/allcommon/cbean/ckey/ConditionKey.vm with loader org.apache.velocity.runtime.resource.loader.FileResourceLoader
2007-02-15 05:34:18,058 - ResourceManager : found om/java/allcommon/cbean/ckey/ConditionKey_equal.vm with loader org.apache.velocity.runtime.resource.loader.FileResourceLoader
2007-02-15 05:34:18,074 - ResourceManager : found om/java/allcommon/cbean/ckey/ConditionKey_notEqual.vm with loader org.apache.velocity.runtime.resource.loader.FileResourceLoader
2007-02-15 05:34:18,090 - ResourceManager : found om/java/allcommon/cbean/ckey/ConditionKey_greaterThan.vm with loader org.apache.velocity.runtime.resource.loader.FileResourceLoader
2007-02-15 05:34:18,090 - ResourceManager : found om/java/allcommon/cbean/ckey/ConditionKey_lessThan.vm with loader org.apache.velocity.runtime.resource.loader.FileResourceLoader
2007-02-15 05:34:18,090 - ResourceManager : found om/java/allcommon/cbean/ckey/ConditionKey_greaterEqual.vm with loader org.apache.velocity.runtime.resource.loader.FileResourceLoader
2007-02-15 05:34:18,105 - ResourceManager : found om/java/allcommon/cbean/ckey/ConditionKey_lessEqual.vm with loader org.apache.velocity.runtime.resource.loader.FileResourceLoader
2007-02-15 05:34:18,105 - ResourceManager : found om/java/allcommon/cbean/ckey/ConditionKey_prefixSearch.vm with loader org.apache.velocity.runtime.resource.loader.FileResourceLoader
2007-02-15 05:34:18,105 - ResourceManager : found om/java/allcommon/cbean/ckey/ConditionKey_inScope.vm with loader org.apache.velocity.runtime.resource.loader.FileResourceLoader
2007-02-15 05:34:18,121 - ResourceManager : found om/java/allcommon/cbean/ckey/ConditionKey_notInScope.vm with loader org.apache.velocity.runtime.resource.loader.FileResourceLoader
2007-02-15 05:34:18,121 - ResourceManager : found om/java/allcommon/cbean/ckey/ConditionKey_isNull.vm with loader org.apache.velocity.runtime.resource.loader.FileResourceLoader
2007-02-15 05:34:18,137 - ResourceManager : found om/java/allcommon/cbean/ckey/ConditionKey_isNotNull.vm with loader org.apache.velocity.runtime.resource.loader.FileResourceLoader
2007-02-15 05:34:18,137 - ResourceManager : found om/java/allcommon/cbean/cvalue/ConditionValue.vm with loader org.apache.velocity.runtime.resource.loader.FileResourceLoader
2007-02-15 05:34:18,152 - ResourceManager : found om/java/allcommon/cbean/sqlclause/SqlClause.vm with loader org.apache.velocity.runtime.resource.loader.FileResourceLoader
2007-02-15 05:34:18,168 - ResourceManager : found om/java/allcommon/cbean/sqlclause/AbstractSqlClause.vm with loader org.apache.velocity.runtime.resource.loader.FileResourceLoader
2007-02-15 05:34:18,168 - ResourceManager : found om/java/allcommon/cbean/sqlclause/SqlClause_postgresql.vm with loader org.apache.velocity.runtime.resource.loader.FileResourceLoader
2007-02-15 05:34:18,183 - ResourceManager : found om/java/allcommon/cbean/sqlclause/OrderByClause.vm with loader org.apache.velocity.runtime.resource.loader.FileResourceLoader
2007-02-15 05:34:18,183 - ResourceManager : found om/java/allcommon/cbean/sqlclause/OrderByElement.vm with loader org.apache.velocity.runtime.resource.loader.FileResourceLoader
2007-02-15 05:34:18,199 - ResourceManager : found om/java/allcommon/dbmeta/DBMeta.vm with loader org.apache.velocity.runtime.resource.loader.FileResourceLoader
2007-02-15 05:34:18,215 - ResourceManager : found om/java/allcommon/dbmeta/AbstractDBMeta.vm with loader org.apache.velocity.runtime.resource.loader.FileResourceLoader
2007-02-15 05:34:18,230 - ResourceManager : found om/java/allcommon/dbmeta/DBMetaInstanceHandler.vm with loader org.apache.velocity.runtime.resource.loader.FileResourceLoader
2007-02-15 05:34:18,387 - ResourceManager : found om/java/allcommon/exception/RecordHasAlreadyBeenDeletedException.vm with loader org.apache.velocity.runtime.resource.loader.FileResourceLoader
2007-02-15 05:34:18,387 - ResourceManager : found om/java/allcommon/exception/RecordHasOverlappedException.vm with loader org.apache.velocity.runtime.resource.loader.FileResourceLoader
2007-02-15 05:34:18,402 - ResourceManager : found om/java/allcommon/exception/SelectedCountExceedMaxCountException.vm with loader org.apache.velocity.runtime.resource.loader.FileResourceLoader
2007-02-15 05:34:18,402 - ResourceManager : found om/java/allcommon/helper/MapListString.vm with loader org.apache.velocity.runtime.resource.loader.FileResourceLoader
2007-02-15 05:34:18,418 - ResourceManager : found om/java/allcommon/helper/MapListStringImpl.vm with loader org.apache.velocity.runtime.resource.loader.FileResourceLoader
2007-02-15 05:34:18,433 - ResourceManager : found om/java/allcommon/helper/MapStringBuilder.vm with loader org.apache.velocity.runtime.resource.loader.FileResourceLoader
2007-02-15 05:34:18,433 - ResourceManager : found om/java/allcommon/helper/MapStringBuilderImpl.vm with loader org.apache.velocity.runtime.resource.loader.FileResourceLoader
2007-02-15 05:34:18,449 - ResourceManager : found om/java/allcommon/DaoDicon.vm with loader org.apache.velocity.runtime.resource.loader.FileResourceLoader
2007-02-15 05:34:18,465 - ResourceManager : found om/java/allcommon/DaoSelector.vm with loader org.apache.velocity.runtime.resource.loader.FileResourceLoader
2007-02-15 05:34:18,465 - ResourceManager : found om/java/allcommon/CacheDaoSelector.vm with loader org.apache.velocity.runtime.resource.loader.FileResourceLoader
2007-02-15 05:34:18,480 - ResourceManager : found om/java/allcommon/GenMetaData.vm with loader org.apache.velocity.runtime.resource.loader.FileResourceLoader
2007-02-15 05:34:18,496 - ResourceManager : found om/java/allcommon/interceptor/CommonColumnSetupAbstractInterceptor.vm with loader org.apache.velocity.runtime.resource.loader.FileResourceLoader
2007-02-15 05:34:18,496 - ResourceManager : found om/java/allcommon/interceptor/CommonColumnSetupBeforeInsertInterceptor.vm with loader org.apache.velocity.runtime.resource.loader.FileResourceLoader
2007-02-15 05:34:18,512 - ResourceManager : found om/java/allcommon/interceptor/CommonColumnSetupBeforeUpdateInterceptor.vm with loader org.apache.velocity.runtime.resource.loader.FileResourceLoader
2007-02-15 05:34:18,512 - ResourceManager : found om/java/allcommon/interceptor/CommonColumnSetupBeforeDeleteInterceptor.vm with loader org.apache.velocity.runtime.resource.loader.FileResourceLoader
2007-02-15 05:34:18,527 - ResourceManager : found om/java/allcommon/s2dao/S2DaoInterceptor.vm with loader org.apache.velocity.runtime.resource.loader.FileResourceLoader
2007-02-15 05:34:18,543 - ResourceManager : found om/java/allcommon/s2dao/S2DaoMetaDataExtension.vm with loader org.apache.velocity.runtime.resource.loader.FileResourceLoader
2007-02-15 05:34:18,543 - org.apache.velocity.runtime.exception.ReferenceException: reference : template = om/java/allcommon/s2dao/S2DaoMetaDataExtension.vm [line 110,column 28] : $dto.selectHint is not a valid reference.
2007-02-15 05:34:18,543 - org.apache.velocity.runtime.exception.ReferenceException: reference : template = om/java/allcommon/s2dao/S2DaoMetaDataExtension.vm [line 174,column 28] : $dto.selectHint is not a valid reference.
2007-02-15 05:34:18,558 - ResourceManager : found om/java/allcommon/s2dao/S2DaoMetaDataFactoryImpl.vm with loader org.apache.velocity.runtime.resource.loader.FileResourceLoader
2007-02-15 05:34:18,558 - ResourceManager : found om/java/allcommon/s2dao/S2BeanMetaDataFactoryImpl.vm with loader org.apache.velocity.runtime.resource.loader.FileResourceLoader
2007-02-15 05:34:18,558 - ResourceManager : found om/java/allcommon/s2dao/S2DaoSelectDynamicCommand.vm with loader org.apache.velocity.runtime.resource.loader.FileResourceLoader
2007-02-15 05:34:18,574 - ResourceManager : found om/java/allcommon/s2dao/S2DaoStatementFactory.vm with loader org.apache.velocity.runtime.resource.loader.FileResourceLoader
2007-02-15 05:34:18,574 - ResourceManager : found om/java/allcommon/s2dao/FetchNarrowingResultSetFactory.vm with loader org.apache.velocity.runtime.resource.loader.FileResourceLoader
2007-02-15 05:34:18,574 - ResourceManager : found om/java/allcommon/s2dao/FetchNarrowingResultSetWrapper.vm with loader org.apache.velocity.runtime.resource.loader.FileResourceLoader
2007-02-15 05:34:18,605 - ResourceManager : found om/java/bsbhv/BaseBhv.vm with loader org.apache.velocity.runtime.resource.loader.FileResourceLoader
2007-02-15 05:34:18,637 - ResourceManager : found om/java/bsdao/BaseDao.vm with loader org.apache.velocity.runtime.resource.loader.FileResourceLoader
2007-02-15 05:34:18,637 - org.apache.velocity.runtime.exception.ReferenceException: reference : template = om/java/bsdao/BaseDao.vm [line 107,column 32] : ${database.ConditionBeanSelectCountMethodName} is not a valid reference.
2007-02-15 05:34:18,668 - ResourceManager : found om/java/bsentity/BaseEntity.vm with loader org.apache.velocity.runtime.resource.loader.FileResourceLoader
2007-02-15 05:34:18,746 - ResourceManager : found om/java/bsentity/dbmeta/DBMetaImpl.vm with loader org.apache.velocity.runtime.resource.loader.FileResourceLoader
2007-02-15 05:34:18,762 - ResourceManager : found om/java/cbean/BsConditionBean.vm with loader org.apache.velocity.runtime.resource.loader.FileResourceLoader
2007-02-15 05:34:18,808 - ResourceManager : found om/java/cbean/AbstractBsConditionQuery.vm with loader org.apache.velocity.runtime.resource.loader.FileResourceLoader
2007-02-15 05:34:18,824 - ResourceManager : found om/java/cbean/BsConditionInlineQuery.vm with loader org.apache.velocity.runtime.resource.loader.FileResourceLoader
2007-02-15 05:34:18,855 - ResourceManager : found om/java/cbean/BsConditionQuery.vm with loader org.apache.velocity.runtime.resource.loader.FileResourceLoader
2007-02-15 05:34:18,871 - ResourceManager : found om/java/cbean/NestSelectSetupper.vm with loader org.apache.velocity.runtime.resource.loader.FileResourceLoader
2007-02-15 20:19:12,955 - SimpleLog4JLogSystem initialized using logfile 'velocity.log'
2007-02-15 20:19:12,970 - ************************************************************** 
2007-02-15 20:19:12,970 - Starting Jakarta Velocity v1.3.1
2007-02-15 20:19:12,970 - RuntimeInstance initializing.
2007-02-15 20:19:12,970 - Default Properties File: org\apache\velocity\runtime\defaults\velocity.properties
2007-02-15 20:19:12,970 - Trying to use logger class org.apache.velocity.runtime.log.AvalonLogSystem
2007-02-15 20:19:12,970 - Couldn't find class org.apache.velocity.runtime.log.AvalonLogSystem or necessary supporting classes in classpath. Exception : java.lang.NoClassDefFoundError: org/apache/log/format/Formatter
2007-02-15 20:19:12,970 - Trying to use logger class org.apache.velocity.runtime.log.SimpleLog4JLogSystem
2007-02-15 20:19:12,970 - Using logger class org.apache.velocity.runtime.log.SimpleLog4JLogSystem
2007-02-15 20:19:12,970 - Default ResourceManager initializing. (class org.apache.velocity.runtime.resource.ResourceManagerImpl)
2007-02-15 20:19:12,986 - Resource Loader Instantiated: org.apache.velocity.runtime.resource.loader.FileResourceLoader
2007-02-15 20:19:12,986 - FileResourceLoader : initialization starting.
2007-02-15 20:19:12,986 - FileResourceLoader : adding path 'J:\wk\dbflute\dbflute-0.4\templates'
2007-02-15 20:19:12,986 - FileResourceLoader : initialization complete.
2007-02-15 20:19:12,986 - ResourceCache : initialized. (class org.apache.velocity.runtime.resource.ResourceCacheImpl)
2007-02-15 20:19:12,986 - Default ResourceManager initialization complete.
2007-02-15 20:19:13,001 - Loaded System Directive: org.apache.velocity.runtime.directive.Literal
2007-02-15 20:19:13,001 - Loaded System Directive: org.apache.velocity.runtime.directive.Macro
2007-02-15 20:19:13,001 - Loaded System Directive: org.apache.velocity.runtime.directive.Parse
2007-02-15 20:19:13,001 - Loaded System Directive: org.apache.velocity.runtime.directive.Include
2007-02-15 20:19:13,001 - Loaded System Directive: org.apache.velocity.runtime.directive.Foreach
2007-02-15 20:19:13,251 - Created: 20 parsers.
2007-02-15 20:19:13,251 - Velocimacro : initialization starting.
2007-02-15 20:19:13,251 - Velocimacro : adding VMs from VM library template : VM_global_library.vm
2007-02-15 20:19:13,251 - ResourceManager : unable to find resource 'VM_global_library.vm' in any resource loader.
2007-02-15 20:19:13,251 - Velocimacro : error using  VM library template VM_global_library.vm : org.apache.velocity.exception.ResourceNotFoundException: Unable to find resource 'VM_global_library.vm'
2007-02-15 20:19:13,251 - Velocimacro :  VM library template macro registration complete.
2007-02-15 20:19:13,251 - Velocimacro : allowInline = true : VMs can be defined inline in templates
2007-02-15 20:19:13,251 - Velocimacro : allowInlineToOverride = false : VMs defined inline may NOT replace previous VM definitions
2007-02-15 20:19:13,251 - Velocimacro : allowInlineLocal = false : VMs defined inline will be  global in scope if allowed.
2007-02-15 20:19:13,251 - Velocimacro : messages on  : VM system will output logging messages
2007-02-15 20:19:13,251 - Velocimacro : autoload off  : VM system will not automatically reload global library macros
2007-02-15 20:19:13,251 - Velocimacro : initialization complete.
2007-02-15 20:19:13,251 - Velocity successfully started.
2007-02-15 20:19:14,017 - ResourceManager : found om/Control.vm with loader org.apache.velocity.runtime.resource.loader.FileResourceLoader
2007-02-15 20:19:14,064 - ResourceManager : found sql/base/postgresql/db.props with loader org.apache.velocity.runtime.resource.loader.FileResourceLoader
2007-02-15 20:19:14,720 - ResourceManager : found om/java/allcommon/bhv/BehaviorReadable.vm with loader org.apache.velocity.runtime.resource.loader.FileResourceLoader
2007-02-15 20:19:14,767 - ResourceManager : found om/java/allcommon/bhv/BehaviorWritable.vm with loader org.apache.velocity.runtime.resource.loader.FileResourceLoader
2007-02-15 20:19:14,798 - ResourceManager : found om/java/allcommon/bhv/AbstractBehaviorReadable.vm with loader org.apache.velocity.runtime.resource.loader.FileResourceLoader
2007-02-15 20:19:14,830 - ResourceManager : found om/java/allcommon/bhv/AbstractBehaviorWritable.vm with loader org.apache.velocity.runtime.resource.loader.FileResourceLoader
2007-02-15 20:19:14,845 - ResourceManager : found om/java/allcommon/DaoReadable.vm with loader org.apache.velocity.runtime.resource.loader.FileResourceLoader
2007-02-15 20:19:14,876 - ResourceManager : found om/java/allcommon/DaoWritable.vm with loader org.apache.velocity.runtime.resource.loader.FileResourceLoader
2007-02-15 20:19:14,892 - ResourceManager : found om/java/allcommon/Entity.vm with loader org.apache.velocity.runtime.resource.loader.FileResourceLoader
2007-02-15 20:19:14,923 - ResourceManager : found om/java/allcommon/EntityDefinedCommonColumn.vm with loader org.apache.velocity.runtime.resource.loader.FileResourceLoader
2007-02-15 20:19:14,939 - ResourceManager : found om/java/allcommon/cbean/FetchNarrowingBeanContext.vm with loader org.apache.velocity.runtime.resource.loader.FileResourceLoader
2007-02-15 20:19:14,955 - ResourceManager : found om/java/allcommon/cbean/FetchNarrowingBean.vm with loader org.apache.velocity.runtime.resource.loader.FileResourceLoader
2007-02-15 20:19:14,970 - ResourceManager : found om/java/allcommon/cbean/SimpleOrderByBean.vm with loader org.apache.velocity.runtime.resource.loader.FileResourceLoader
2007-02-15 20:19:15,486 - ResourceManager : found om/java/allcommon/cbean/SimplePagingBean.vm with loader org.apache.velocity.runtime.resource.loader.FileResourceLoader
2007-02-15 20:19:15,501 - ResourceManager : found om/java/allcommon/cbean/PagingResultBean.vm with loader org.apache.velocity.runtime.resource.loader.FileResourceLoader
2007-02-15 20:19:15,533 - ResourceManager : found om/java/allcommon/cbean/ListResultBean.vm with loader org.apache.velocity.runtime.resource.loader.FileResourceLoader
2007-02-15 20:19:15,548 - ResourceManager : found om/java/allcommon/cbean/ConditionBeanContext.vm with loader org.apache.velocity.runtime.resource.loader.FileResourceLoader
2007-02-15 20:19:15,564 - ResourceManager : found om/java/allcommon/cbean/ConditionBean.vm with loader org.apache.velocity.runtime.resource.loader.FileResourceLoader
2007-02-15 20:19:15,580 - ResourceManager : found om/java/allcommon/cbean/ConditionQuery.vm with loader org.apache.velocity.runtime.resource.loader.FileResourceLoader
2007-02-15 20:19:15,595 - ResourceManager : found om/java/allcommon/cbean/PagingBean.vm with loader org.apache.velocity.runtime.resource.loader.FileResourceLoader
2007-02-15 20:19:15,611 - ResourceManager : found om/java/allcommon/cbean/OrderByBean.vm with loader org.apache.velocity.runtime.resource.loader.FileResourceLoader
2007-02-15 20:19:15,626 - ResourceManager : found om/java/allcommon/cbean/SelectResource.vm with loader org.apache.velocity.runtime.resource.loader.FileResourceLoader
2007-02-15 20:19:15,642 - ResourceManager : found om/java/allcommon/cbean/AbstractConditionBean.vm with loader org.apache.velocity.runtime.resource.loader.FileResourceLoader
2007-02-15 20:19:15,673 - ResourceManager : found om/java/allcommon/cbean/AbstractConditionQuery.vm with loader org.apache.velocity.runtime.resource.loader.FileResourceLoader
2007-02-15 20:19:15,705 - ResourceManager : found om/java/allcommon/cbean/ckey/ConditionKey.vm with loader org.apache.velocity.runtime.resource.loader.FileResourceLoader
2007-02-15 20:19:15,720 - ResourceManager : found om/java/allcommon/cbean/ckey/ConditionKey_equal.vm with loader org.apache.velocity.runtime.resource.loader.FileResourceLoader
2007-02-15 20:19:15,736 - ResourceManager : found om/java/allcommon/cbean/ckey/ConditionKey_notEqual.vm with loader org.apache.velocity.runtime.resource.loader.FileResourceLoader
2007-02-15 20:19:15,751 - ResourceManager : found om/java/allcommon/cbean/ckey/ConditionKey_greaterThan.vm with loader org.apache.velocity.runtime.resource.loader.FileResourceLoader
2007-02-15 20:19:15,767 - ResourceManager : found om/java/allcommon/cbean/ckey/ConditionKey_lessThan.vm with loader org.apache.velocity.runtime.resource.loader.FileResourceLoader
2007-02-15 20:19:15,783 - ResourceManager : found om/java/allcommon/cbean/ckey/ConditionKey_greaterEqual.vm with loader org.apache.velocity.runtime.resource.loader.FileResourceLoader
2007-02-15 20:19:15,798 - ResourceManager : found om/java/allcommon/cbean/ckey/ConditionKey_lessEqual.vm with loader org.apache.velocity.runtime.resource.loader.FileResourceLoader
2007-02-15 20:19:15,798 - ResourceManager : found om/java/allcommon/cbean/ckey/ConditionKey_prefixSearch.vm with loader org.apache.velocity.runtime.resource.loader.FileResourceLoader
2007-02-15 20:19:15,814 - ResourceManager : found om/java/allcommon/cbean/ckey/ConditionKey_inScope.vm with loader org.apache.velocity.runtime.resource.loader.FileResourceLoader
2007-02-15 20:19:15,830 - ResourceManager : found om/java/allcommon/cbean/ckey/ConditionKey_notInScope.vm with loader org.apache.velocity.runtime.resource.loader.FileResourceLoader
2007-02-15 20:19:15,845 - ResourceManager : found om/java/allcommon/cbean/ckey/ConditionKey_isNull.vm with loader org.apache.velocity.runtime.resource.loader.FileResourceLoader
2007-02-15 20:19:15,861 - ResourceManager : found om/java/allcommon/cbean/ckey/ConditionKey_isNotNull.vm with loader org.apache.velocity.runtime.resource.loader.FileResourceLoader
2007-02-15 20:19:15,876 - ResourceManager : found om/java/allcommon/cbean/cvalue/ConditionValue.vm with loader org.apache.velocity.runtime.resource.loader.FileResourceLoader
2007-02-15 20:19:15,908 - ResourceManager : found om/java/allcommon/cbean/sqlclause/SqlClause.vm with loader org.apache.velocity.runtime.resource.loader.FileResourceLoader
2007-02-15 20:19:15,939 - ResourceManager : found om/java/allcommon/cbean/sqlclause/AbstractSqlClause.vm with loader org.apache.velocity.runtime.resource.loader.FileResourceLoader
2007-02-15 20:19:15,955 - ResourceManager : found om/java/allcommon/cbean/sqlclause/SqlClause_postgresql.vm with loader org.apache.velocity.runtime.resource.loader.FileResourceLoader
2007-02-15 20:19:15,970 - ResourceManager : found om/java/allcommon/cbean/sqlclause/OrderByClause.vm with loader org.apache.velocity.runtime.resource.loader.FileResourceLoader
2007-02-15 20:19:16,001 - ResourceManager : found om/java/allcommon/cbean/sqlclause/OrderByElement.vm with loader org.apache.velocity.runtime.resource.loader.FileResourceLoader
2007-02-15 20:19:16,017 - ResourceManager : found om/java/allcommon/dbmeta/DBMeta.vm with loader org.apache.velocity.runtime.resource.loader.FileResourceLoader
2007-02-15 20:19:16,048 - ResourceManager : found om/java/allcommon/dbmeta/AbstractDBMeta.vm with loader org.apache.velocity.runtime.resource.loader.FileResourceLoader
2007-02-15 20:19:16,080 - ResourceManager : found om/java/allcommon/dbmeta/DBMetaInstanceHandler.vm with loader org.apache.velocity.runtime.resource.loader.FileResourceLoader
2007-02-15 20:19:16,095 - ResourceManager : found om/java/allcommon/exception/RecordHasAlreadyBeenDeletedException.vm with loader org.apache.velocity.runtime.resource.loader.FileResourceLoader
2007-02-15 20:19:16,111 - ResourceManager : found om/java/allcommon/exception/RecordHasOverlappedException.vm with loader org.apache.velocity.runtime.resource.loader.FileResourceLoader
2007-02-15 20:19:16,126 - ResourceManager : found om/java/allcommon/exception/SelectedCountExceedMaxCountException.vm with loader org.apache.velocity.runtime.resource.loader.FileResourceLoader
2007-02-15 20:19:16,142 - ResourceManager : found om/java/allcommon/helper/MapListString.vm with loader org.apache.velocity.runtime.resource.loader.FileResourceLoader
2007-02-15 20:19:16,314 - ResourceManager : found om/java/allcommon/helper/MapListStringImpl.vm with loader org.apache.velocity.runtime.resource.loader.FileResourceLoader
2007-02-15 20:19:16,345 - ResourceManager : found om/java/allcommon/helper/MapStringBuilder.vm with loader org.apache.velocity.runtime.resource.loader.FileResourceLoader
2007-02-15 20:19:16,345 - ResourceManager : found om/java/allcommon/helper/MapStringBuilderImpl.vm with loader org.apache.velocity.runtime.resource.loader.FileResourceLoader
2007-02-15 20:19:16,376 - ResourceManager : found om/java/allcommon/DaoDicon.vm with loader org.apache.velocity.runtime.resource.loader.FileResourceLoader
2007-02-15 20:19:16,408 - ResourceManager : found om/java/allcommon/DaoSelector.vm with loader org.apache.velocity.runtime.resource.loader.FileResourceLoader
2007-02-15 20:19:16,423 - ResourceManager : found om/java/allcommon/CacheDaoSelector.vm with loader org.apache.velocity.runtime.resource.loader.FileResourceLoader
2007-02-15 20:19:16,455 - ResourceManager : found om/java/allcommon/GenMetaData.vm with loader org.apache.velocity.runtime.resource.loader.FileResourceLoader
2007-02-15 20:19:16,470 - ResourceManager : found om/java/allcommon/interceptor/CommonColumnSetupAbstractInterceptor.vm with loader org.apache.velocity.runtime.resource.loader.FileResourceLoader
2007-02-15 20:19:16,486 - ResourceManager : found om/java/allcommon/interceptor/CommonColumnSetupBeforeInsertInterceptor.vm with loader org.apache.velocity.runtime.resource.loader.FileResourceLoader
2007-02-15 20:19:16,501 - ResourceManager : found om/java/allcommon/interceptor/CommonColumnSetupBeforeUpdateInterceptor.vm with loader org.apache.velocity.runtime.resource.loader.FileResourceLoader
2007-02-15 20:19:16,517 - ResourceManager : found om/java/allcommon/interceptor/CommonColumnSetupBeforeDeleteInterceptor.vm with loader org.apache.velocity.runtime.resource.loader.FileResourceLoader
2007-02-15 20:19:16,533 - ResourceManager : found om/java/allcommon/s2dao/S2DaoInterceptor.vm with loader org.apache.velocity.runtime.resource.loader.FileResourceLoader
2007-02-15 20:19:16,580 - ResourceManager : found om/java/allcommon/s2dao/S2DaoMetaDataExtension.vm with loader org.apache.velocity.runtime.resource.loader.FileResourceLoader
2007-02-15 20:19:16,580 - org.apache.velocity.runtime.exception.ReferenceException: reference : template = om/java/allcommon/s2dao/S2DaoMetaDataExtension.vm [line 110,column 28] : $dto.selectHint is not a valid reference.
2007-02-15 20:19:16,580 - org.apache.velocity.runtime.exception.ReferenceException: reference : template = om/java/allcommon/s2dao/S2DaoMetaDataExtension.vm [line 174,column 28] : $dto.selectHint is not a valid reference.
2007-02-15 20:19:16,580 - ResourceManager : found om/java/allcommon/s2dao/S2DaoMetaDataFactoryImpl.vm with loader org.apache.velocity.runtime.resource.loader.FileResourceLoader
2007-02-15 20:19:16,595 - ResourceManager : found om/java/allcommon/s2dao/S2BeanMetaDataFactoryImpl.vm with loader org.apache.velocity.runtime.resource.loader.FileResourceLoader
2007-02-15 20:19:16,611 - ResourceManager : found om/java/allcommon/s2dao/S2DaoSelectDynamicCommand.vm with loader org.apache.velocity.runtime.resource.loader.FileResourceLoader
2007-02-15 20:19:16,626 - ResourceManager : found om/java/allcommon/s2dao/S2DaoStatementFactory.vm with loader org.apache.velocity.runtime.resource.loader.FileResourceLoader
2007-02-15 20:19:16,642 - ResourceManager : found om/java/allcommon/s2dao/FetchNarrowingResultSetFactory.vm with loader org.apache.velocity.runtime.resource.loader.FileResourceLoader
2007-02-15 20:19:16,658 - ResourceManager : found om/java/allcommon/s2dao/FetchNarrowingResultSetWrapper.vm with loader org.apache.velocity.runtime.resource.loader.FileResourceLoader
2007-02-15 20:19:16,689 - ResourceManager : found om/java/bsbhv/BaseBhv.vm with loader org.apache.velocity.runtime.resource.loader.FileResourceLoader
2007-02-15 20:19:16,751 - ResourceManager : found om/java/bsdao/BaseDao.vm with loader org.apache.velocity.runtime.resource.loader.FileResourceLoader
2007-02-15 20:19:16,751 - org.apache.velocity.runtime.exception.ReferenceException: reference : template = om/java/bsdao/BaseDao.vm [line 107,column 32] : ${database.ConditionBeanSelectCountMethodName} is not a valid reference.
2007-02-15 20:19:16,830 - ResourceManager : found om/java/bsentity/BaseEntity.vm with loader org.apache.velocity.runtime.resource.loader.FileResourceLoader
2007-02-15 20:19:16,876 - ResourceManager : found om/java/bsentity/dbmeta/DBMetaImpl.vm with loader org.apache.velocity.runtime.resource.loader.FileResourceLoader
2007-02-15 20:19:16,923 - ResourceManager : found om/java/cbean/BsConditionBean.vm with loader org.apache.velocity.runtime.resource.loader.FileResourceLoader
2007-02-15 20:19:16,955 - ResourceManager : found om/java/cbean/AbstractBsConditionQuery.vm with loader org.apache.velocity.runtime.resource.loader.FileResourceLoader
2007-02-15 20:19:17,001 - ResourceManager : found om/java/cbean/BsConditionInlineQuery.vm with loader org.apache.velocity.runtime.resource.loader.FileResourceLoader
2007-02-15 20:19:17,033 - ResourceManager : found om/java/cbean/BsConditionQuery.vm with loader org.apache.velocity.runtime.resource.loader.FileResourceLoader
2007-02-15 20:19:17,048 - ResourceManager : found om/java/cbean/NestSelectSetupper.vm with loader org.apache.velocity.runtime.resource.loader.FileResourceLoader
