2007-02-15 05:34:16,121 [main] INFO  (XmlToAppData#parseFile():171) - Parsing file: 'project-schema-golf.xml'
2007-02-15 05:34:16,183 [main] INFO  (DTDResolver#resolveEntity():117) - Resolver: used database.dtd from 'org.apache.torque.engine.database.transform' package
2007-02-15 05:34:16,215 [main] DEBUG (XmlToAppData#endElement():282) - endElement(, , column) called
2007-02-15 05:34:16,230 [main] DEBUG (XmlToAppData#endElement():282) - endElement(, , column) called
2007-02-15 05:34:16,230 [main] DEBUG (XmlToAppData#endElement():282) - endElement(, , column) called
2007-02-15 05:34:16,230 [main] DEBUG (XmlToAppData#endElement():282) - endElement(, , column) called
2007-02-15 05:34:16,230 [main] DEBUG (XmlToAppData#endElement():282) - endElement(, , column) called
2007-02-15 05:34:16,246 [main] DEBUG (XmlToAppData#endElement():282) - endElement(, , column) called
2007-02-15 05:34:16,246 [main] DEBUG (XmlToAppData#endElement():282) - endElement(, , table) called
2007-02-15 05:34:16,262 [main] DEBUG (XmlToAppData#endElement():282) - endElement(, , database) called
2007-02-15 05:34:16,777 [main] DEBUG (Database#initializeCustomizeDao():538) - /=============================
2007-02-15 05:34:16,777 [main] DEBUG (Database#initializeCustomizeDao():539) - ...Initializing customize dao.
2007-02-15 05:34:16,824 [main] DEBUG (Database#initializeCustomizeDao():569) - ========/
2007-02-15 05:34:17,262 [main] DEBUG (Database#debug():1388) - [behavior-interface & abstract]
2007-02-15 05:34:17,262 [main] DEBUG (Database#debug():1388) -     ...Parsing BehaviorReadable
2007-02-15 05:34:17,293 [main] DEBUG (Database#debug():1388) -     ...Parsing BehaviorWritable
2007-02-15 05:34:17,324 [main] DEBUG (Database#debug():1388) -     ...Parsing AbstractBehaviorReadable
2007-02-15 05:34:17,355 [main] DEBUG (Database#debug():1388) -     ...Parsing AbstractBehaviorWritable
2007-02-15 05:34:17,371 [main] DEBUG (Database#debug():1388) - ...Parsing dao-interface
2007-02-15 05:34:17,387 [main] DEBUG (Database#debug():1388) - public void parseEntityInterface() {
2007-02-15 05:34:17,387 [main] DEBUG (Database#debug():1388) -     parseEntity();
2007-02-15 05:34:17,402 [main] DEBUG (Database#debug():1388) -     parseEntityDefinedCommonColumn();
2007-02-15 05:34:17,418 [main] DEBUG (Database#debug():1388) - }
2007-02-15 05:34:17,418 [main] DEBUG (Database#debug():1388) - public void parseConditionBeanFramework() {
2007-02-15 05:34:17,418 [main] DEBUG (Database#debug():1388) -     ...Parsing FetchNarrowingBeanContext
2007-02-15 05:34:17,418 [main] DEBUG (Database#debug():1388) -     ...Parsing FetchNarrowingBean
2007-02-15 05:34:17,433 [main] DEBUG (Database#debug():1388) -     ...Parsing SimpleOrderByBean
2007-02-15 05:34:17,933 [main] DEBUG (Database#debug():1388) -     ...Parsing SimplePagingBean
2007-02-15 05:34:17,949 [main] DEBUG (Database#debug():1388) -     ...Parsing PagingResultBean
2007-02-15 05:34:17,965 [main] DEBUG (Database#debug():1388) -     ...Parsing ListResultBean
2007-02-15 05:34:17,980 [main] DEBUG (Database#debug():1388) -     ...Parsing ConditionBeanContext
2007-02-15 05:34:17,980 [main] DEBUG (Database#debug():1388) -     ...Parsing ConditionBean
2007-02-15 05:34:17,996 [main] DEBUG (Database#debug():1388) -     ...Parsing ConditionQuery
2007-02-15 05:34:18,012 [main] DEBUG (Database#debug():1388) -     ...Parsing PagingBean
2007-02-15 05:34:18,012 [main] DEBUG (Database#debug():1388) -     ...Parsing OrderByBean
2007-02-15 05:34:18,012 [main] DEBUG (Database#debug():1388) -     ...Parsing SelectResource
2007-02-15 05:34:18,027 [main] DEBUG (Database#debug():1388) -     ...Parsing AbstractConditionBean
2007-02-15 05:34:18,043 [main] DEBUG (Database#debug():1388) -     ...Parsing AbstractConditionQuery
2007-02-15 05:34:18,058 [main] DEBUG (Database#debug():1388) -     ...Parsing ConditionKey
2007-02-15 05:34:18,058 [main] DEBUG (Database#debug():1388) -     ...Parsing ConditionKey_equal
2007-02-15 05:34:18,074 [main] DEBUG (Database#debug():1388) -     ...Parsing ConditionKey_notEqual
2007-02-15 05:34:18,074 [main] DEBUG (Database#debug():1388) -     ...Parsing ConditionKey_greaterThan
2007-02-15 05:34:18,090 [main] DEBUG (Database#debug():1388) -     ...Parsing ConditionKey_lessThan
2007-02-15 05:34:18,090 [main] DEBUG (Database#debug():1388) -     ...Parsing ConditionKey_greaterEqual
2007-02-15 05:34:18,090 [main] DEBUG (Database#debug():1388) -     ...Parsing ConditionKey_lessEqual
2007-02-15 05:34:18,105 [main] DEBUG (Database#debug():1388) -     ...Parsing ConditionKey_prefixSearch
2007-02-15 05:34:18,105 [main] DEBUG (Database#debug():1388) -     ...Parsing ConditionKey_inScope
2007-02-15 05:34:18,121 [main] DEBUG (Database#debug():1388) -     ...Parsing ConditionKey_notInScope
2007-02-15 05:34:18,121 [main] DEBUG (Database#debug():1388) -     ...Parsing ConditionKey_isNull
2007-02-15 05:34:18,121 [main] DEBUG (Database#debug():1388) -     ...Parsing ConditionKey_isNotNull
2007-02-15 05:34:18,137 [main] DEBUG (Database#debug():1388) -     ...Parsing ConditionValue
2007-02-15 05:34:18,137 [main] DEBUG (Database#debug():1388) -     ...Parsing SqlClause
2007-02-15 05:34:18,152 [main] DEBUG (Database#debug():1388) -     ...Parsing AbstractSqlClause
2007-02-15 05:34:18,168 [main] DEBUG (Database#debug():1388) -     ...Parsing SqlClause_postgresql
2007-02-15 05:34:18,168 [main] DEBUG (Database#debug():1388) -     ...Parsing OrderByClause
2007-02-15 05:34:18,183 [main] DEBUG (Database#debug():1388) -     ...Parsing OrderByElement
2007-02-15 05:34:18,183 [main] DEBUG (Database#debug():1388) - }
2007-02-15 05:34:18,183 [main] DEBUG (Database#debug():1388) - public void parseDBMetaClass() {
2007-02-15 05:34:18,199 [main] DEBUG (Database#debug():1388) -     parseDBMeta();
2007-02-15 05:34:18,215 [main] DEBUG (Database#debug():1388) -     parseAbstractDBMeta();
2007-02-15 05:34:18,215 [main] DEBUG (Database#debug():1388) -     parseDBMetaInstanceHandler();
2007-02-15 05:34:18,387 [main] DEBUG (Database#debug():1388) - public void parseExceptionClass() {
2007-02-15 05:34:18,387 [main] DEBUG (Database#debug():1388) -     parseRecordHasAlreadyBeenDeletedException();
2007-02-15 05:34:18,387 [main] DEBUG (Database#debug():1388) -     parseRecordHasOverlappedException();
2007-02-15 05:34:18,387 [main] DEBUG (Database#debug():1388) -     parseSelectedCountExceedMaxCountException();
2007-02-15 05:34:18,402 [main] DEBUG (Database#debug():1388) - }
2007-02-15 05:34:18,402 [main] DEBUG (Database#debug():1388) - public void parseHelperClass() {
2007-02-15 05:34:18,402 [main] DEBUG (Database#debug():1388) -     parseMapListString();
2007-02-15 05:34:18,402 [main] DEBUG (Database#debug():1388) -     parseMapListStringImpl();
2007-02-15 05:34:18,433 [main] DEBUG (Database#debug():1388) -     parseMapStringBuilder();
2007-02-15 05:34:18,433 [main] DEBUG (Database#debug():1388) -     parseMapStringBuilderImpl();
2007-02-15 05:34:18,433 [main] DEBUG (Database#debug():1388) - }
2007-02-15 05:34:18,433 [main] DEBUG (Database#debug():1388) - parseDaoDicon() {
2007-02-15 05:34:18,433 [main] DEBUG (Database#debug():1388) -     /dbflute.dicon
2007-02-15 05:34:18,449 [main] DEBUG (Database#debug():1388) - }
2007-02-15 05:34:18,449 [main] DEBUG (Database#debug():1388) - public void parseDaoSelector() {
2007-02-15 05:34:18,465 [main] DEBUG (Database#debug():1388) -     parseDaoSelector();
2007-02-15 05:34:18,465 [main] DEBUG (Database#debug():1388) -     parseCacheDaoSelector();
2007-02-15 05:34:18,465 [main] DEBUG (Database#debug():1388) - }
2007-02-15 05:34:18,480 [main] DEBUG (Database#debug():1388) - parseGenMetaData();
2007-02-15 05:34:18,496 [main] DEBUG (Database#debug():1388) - public void parseInterceptorClass() {
2007-02-15 05:34:18,496 [main] DEBUG (Database#debug():1388) -     parseCommonColumnSetupAbstractInterceptor();
2007-02-15 05:34:18,496 [main] DEBUG (Database#debug():1388) -     parseCommonColumnSetupBeforeInsertInterceptor();
2007-02-15 05:34:18,496 [main] DEBUG (Database#debug():1388) -     parseCommonColumnSetupBeforeUpdateInterceptor();
2007-02-15 05:34:18,512 [main] DEBUG (Database#debug():1388) -     parseCommonColumnSetupBeforeDeleteInterceptor();
2007-02-15 05:34:18,512 [main] DEBUG (Database#debug():1388) - }
2007-02-15 05:34:18,574 [main] DEBUG (Database#debug():1388) - public void parseTableList() {
2007-02-15 05:34:18,574 [main] DEBUG (Database#debug():1388) -     final List<Table> tableList = getTableList();
2007-02-15 05:34:18,574 [main] DEBUG (Database#debug():1388) -     for (Table tbl : tableList) {
2007-02-15 05:34:18,574 [main] DEBUG (Database#debug():1388) -         parseTable(tbl); // vendor : Vendor
2007-02-15 05:34:18,871 [main] DEBUG (Database#debug():1388) -     }
2007-02-15 05:34:18,871 [main] DEBUG (Database#debug():1388) - }
